  [1m[36mActiveRecord::SchemaMigration Load (0.6ms)[0m  [1mSELECT "schema_migrations".* FROM "schema_migrations"[0m
  [1m[35mActiveRecord::SchemaMigration Load (0.4ms)[0m  SELECT "schema_migrations".* FROM "schema_migrations"
  [1m[36m (6.3ms)[0m  [1mSELECT t2.oid::regclass::text AS to_table, a1.attname AS column, a2.attname AS primary_key, c.conname AS name, c.confupdtype AS on_update, c.confdeltype AS on_delete
FROM pg_constraint c
JOIN pg_class t1 ON c.conrelid = t1.oid
JOIN pg_class t2 ON c.confrelid = t2.oid
JOIN pg_attribute a1 ON a1.attnum = c.conkey[1] AND a1.attrelid = t1.oid
JOIN pg_attribute a2 ON a2.attnum = c.confkey[1] AND a2.attrelid = t2.oid
JOIN pg_namespace t3 ON c.connamespace = t3.oid
WHERE c.contype = 'f'
  AND t1.relname = 'comments'
  AND t3.nspname = ANY (current_schemas(false))
ORDER BY c.conname
[0m
  [1m[35m (4.2ms)[0m  SELECT t2.oid::regclass::text AS to_table, a1.attname AS column, a2.attname AS primary_key, c.conname AS name, c.confupdtype AS on_update, c.confdeltype AS on_delete
FROM pg_constraint c
JOIN pg_class t1 ON c.conrelid = t1.oid
JOIN pg_class t2 ON c.confrelid = t2.oid
JOIN pg_attribute a1 ON a1.attnum = c.conkey[1] AND a1.attrelid = t1.oid
JOIN pg_attribute a2 ON a2.attnum = c.confkey[1] AND a2.attrelid = t2.oid
JOIN pg_namespace t3 ON c.connamespace = t3.oid
WHERE c.contype = 'f'
  AND t1.relname = 'posts'
  AND t3.nspname = ANY (current_schemas(false))
ORDER BY c.conname

  [1m[36m (4.1ms)[0m  [1mSELECT t2.oid::regclass::text AS to_table, a1.attname AS column, a2.attname AS primary_key, c.conname AS name, c.confupdtype AS on_update, c.confdeltype AS on_delete
FROM pg_constraint c
JOIN pg_class t1 ON c.conrelid = t1.oid
JOIN pg_class t2 ON c.confrelid = t2.oid
JOIN pg_attribute a1 ON a1.attnum = c.conkey[1] AND a1.attrelid = t1.oid
JOIN pg_attribute a2 ON a2.attnum = c.confkey[1] AND a2.attrelid = t2.oid
JOIN pg_namespace t3 ON c.connamespace = t3.oid
WHERE c.contype = 'f'
  AND t1.relname = 'types'
  AND t3.nspname = ANY (current_schemas(false))
ORDER BY c.conname
[0m
  [1m[35m (3.8ms)[0m  SELECT t2.oid::regclass::text AS to_table, a1.attname AS column, a2.attname AS primary_key, c.conname AS name, c.confupdtype AS on_update, c.confdeltype AS on_delete
FROM pg_constraint c
JOIN pg_class t1 ON c.conrelid = t1.oid
JOIN pg_class t2 ON c.confrelid = t2.oid
JOIN pg_attribute a1 ON a1.attnum = c.conkey[1] AND a1.attrelid = t1.oid
JOIN pg_attribute a2 ON a2.attnum = c.confkey[1] AND a2.attrelid = t2.oid
JOIN pg_namespace t3 ON c.connamespace = t3.oid
WHERE c.contype = 'f'
  AND t1.relname = 'users'
  AND t3.nspname = ANY (current_schemas(false))
ORDER BY c.conname

  [1m[36mActiveRecord::SchemaMigration Load (0.8ms)[0m  [1mSELECT "schema_migrations".* FROM "schema_migrations"[0m
  [1m[35mType Load (0.5ms)[0m  SELECT  "types".* FROM "types" WHERE "types"."name" = $1 LIMIT 1  [["name", "Academic"]]
  [1m[36mType Load (0.5ms)[0m  [1mSELECT  "types".* FROM "types" WHERE "types"."name" = $1 LIMIT 1[0m  [["name", "Career"]]
  [1m[35mType Load (0.3ms)[0m  SELECT  "types".* FROM "types" WHERE "types"."name" = $1 LIMIT 1  [["name", "Financial"]]
  [1m[36mType Load (0.3ms)[0m  [1mSELECT  "types".* FROM "types" WHERE "types"."name" = $1 LIMIT 1[0m  [["name", "Personal"]]
  [1m[35mType Load (0.3ms)[0m  SELECT  "types".* FROM "types" WHERE "types"."name" = $1 LIMIT 1  [["name", "Practical"]]
  [1m[36mType Load (0.3ms)[0m  [1mSELECT  "types".* FROM "types" WHERE "types"."name" = $1 LIMIT 1[0m  [["name", "Social"]]


Started GET "/" for 127.0.0.1 at 2017-04-14 19:36:05 +0500
  [1m[36mActiveRecord::SchemaMigration Load (39.0ms)[0m  [1mSELECT "schema_migrations".* FROM "schema_migrations"[0m
Processing by WelcomeController#index as HTML
  [1m[35mPost Load (103.0ms)[0m  SELECT  "posts".* FROM "posts"  ORDER BY created_at desc LIMIT 10 OFFSET 0
  [1m[36mUser Load (1.3ms)[0m  [1mSELECT  "users".* FROM "users" WHERE "users"."id" = $1 LIMIT 1[0m  [["id", 1]]
  [1m[35mType Load (12.9ms)[0m  SELECT  "types".* FROM "types" WHERE "types"."id" = $1 LIMIT 1  [["id", 1]]
  Rendered welcome/index.html.erb within layouts/application (395.2ms)
  Rendered layouts/shared/_header.html.erb (5.4ms)
  Rendered layouts/shared/_footer.html.erb (0.4ms)
Completed 200 OK in 3636ms (Views: 3344.3ms | ActiveRecord: 237.1ms)


Started GET "/users/sign_in" for 127.0.0.1 at 2017-04-14 19:36:16 +0500
Processing by Devise::SessionsController#new as HTML
  Rendered devise/shared/_links.html.erb (17.9ms)
  Rendered devise/sessions/new.html.erb within layouts/application (191.4ms)
  Rendered layouts/shared/_header.html.erb (0.6ms)
  Rendered layouts/shared/_footer.html.erb (0.0ms)
Completed 200 OK in 342ms (Views: 338.8ms | ActiveRecord: 0.0ms)


Started POST "/users/sign_in" for 127.0.0.1 at 2017-04-14 19:36:26 +0500
Processing by Devise::SessionsController#create as HTML
  Parameters: {"utf8"=>"✓", "authenticity_token"=>"plY67Xldyx2j6+4u255Pz3a/3EFO2ubNakeD9PuLkhceFlqmHUJ7Tb+dtTBc0emedhFval9PvfL+T5MiV6+r2g==", "user"=>{"email"=>"bilal.haroon17@gmail.com", "password"=>"[FILTERED]", "remember_me"=>"0"}, "commit"=>"Log in"}
  [1m[36mUser Load (1.0ms)[0m  [1mSELECT  "users".* FROM "users" WHERE "users"."email" = $1  ORDER BY "users"."id" ASC LIMIT 1[0m  [["email", "bilal.haroon17@gmail.com"]]
  [1m[35m (0.2ms)[0m  BEGIN
  [1m[36mSQL (0.4ms)[0m  [1mUPDATE "users" SET "current_sign_in_at" = $1, "sign_in_count" = $2, "updated_at" = $3 WHERE "users"."id" = $4[0m  [["current_sign_in_at", "2017-04-14 14:36:26.952536"], ["sign_in_count", 2], ["updated_at", "2017-04-14 14:36:26.954479"], ["id", 1]]
  [1m[35m (18.2ms)[0m  COMMIT
Redirected to http://localhost:3000/posts
Completed 302 Found in 326ms (ActiveRecord: 19.9ms)


Started GET "/posts" for 127.0.0.1 at 2017-04-14 19:36:27 +0500
Processing by PostsController#index as HTML
  [1m[36mUser Load (0.5ms)[0m  [1mSELECT  "users".* FROM "users" WHERE "users"."id" = $1  ORDER BY "users"."id" ASC LIMIT 1[0m  [["id", 1]]
  [1m[35mPost Load (0.6ms)[0m  SELECT "posts".* FROM "posts" WHERE "posts"."user_id" = $1  ORDER BY created_at  [["user_id", 1]]
  [1m[36mType Load (0.4ms)[0m  [1mSELECT  "types".* FROM "types" WHERE "types"."id" = $1 LIMIT 1[0m  [["id", 1]]
  Rendered posts/index.html.erb within layouts/application (6.1ms)
  Rendered layouts/shared/_header.html.erb (0.4ms)
  Rendered layouts/shared/_footer.html.erb (0.0ms)
Completed 200 OK in 131ms (Views: 100.8ms | ActiveRecord: 1.5ms)


Started GET "/posts/new" for 127.0.0.1 at 2017-04-14 19:36:32 +0500
Processing by PostsController#new as HTML
  [1m[35mUser Load (1.1ms)[0m  SELECT  "users".* FROM "users" WHERE "users"."id" = $1  ORDER BY "users"."id" ASC LIMIT 1  [["id", 1]]
  [1m[36mType Load (0.7ms)[0m  [1mSELECT "types".* FROM "types"[0m
  Rendered posts/_form.html.erb (25.7ms)
  Rendered posts/new.html.erb within layouts/application (34.0ms)
  Rendered layouts/shared/_header.html.erb (1.3ms)
  Rendered layouts/shared/_footer.html.erb (0.3ms)
Completed 200 OK in 161ms (Views: 154.1ms | ActiveRecord: 1.7ms)


Started POST "/posts" for 127.0.0.1 at 2017-04-14 19:36:43 +0500
Processing by PostsController#create as HTML
  Parameters: {"utf8"=>"✓", "authenticity_token"=>"3Kacazi7rXs8EnaYdzi67+azlnSl6ZzepjNVWu/IWbXIepPDRitcSrh2b9JPpXL5/uI+zaDW1+z8lKDbhjHW2w==", "post"=>{"type_id"=>"2", "title"=>"Dummy", "description"=>"Testing"}, "commit"=>"Publish Post"}
  [1m[35mUser Load (0.5ms)[0m  SELECT  "users".* FROM "users" WHERE "users"."id" = $1  ORDER BY "users"."id" ASC LIMIT 1  [["id", 1]]
  [1m[36m (1.9ms)[0m  [1mBEGIN[0m
  [1m[35mType Load (0.5ms)[0m  SELECT  "types".* FROM "types" WHERE "types"."id" = $1 LIMIT 1  [["id", 2]]
  [1m[36mSQL (40.9ms)[0m  [1mINSERT INTO "posts" ("type_id", "title", "description", "user_id", "created_at", "updated_at") VALUES ($1, $2, $3, $4, $5, $6) RETURNING "id"[0m  [["type_id", 2], ["title", "Dummy"], ["description", "Testing"], ["user_id", 1], ["created_at", "2017-04-14 14:36:44.013198"], ["updated_at", "2017-04-14 14:36:44.013198"]]
  [1m[35m (62.7ms)[0m  COMMIT
Redirected to http://localhost:3000/posts/2
Completed 302 Found in 125ms (ActiveRecord: 106.5ms)


Started GET "/posts/2" for 127.0.0.1 at 2017-04-14 19:36:44 +0500
Processing by PostsController#show as HTML
  Parameters: {"id"=>"2"}
  [1m[36mPost Load (0.3ms)[0m  [1mSELECT  "posts".* FROM "posts" WHERE "posts"."id" = $1 LIMIT 1[0m  [["id", 2]]
  [1m[35mType Load (0.9ms)[0m  SELECT  "types".* FROM "types" WHERE "types"."id" = $1 LIMIT 1  [["id", 2]]
  [1m[36mUser Load (0.8ms)[0m  [1mSELECT  "users".* FROM "users" WHERE "users"."id" = $1 LIMIT 1[0m  [["id", 1]]
  [1m[35mUser Load (0.7ms)[0m  SELECT  "users".* FROM "users" WHERE "users"."id" = $1  ORDER BY "users"."id" ASC LIMIT 1  [["id", 1]]
  [1m[36mComment Load (103.4ms)[0m  [1mSELECT "comments".* FROM "comments" WHERE "comments"."post_id" = $1  ORDER BY created_at[0m  [["post_id", 2]]
  Rendered posts/show.html.erb within layouts/application (164.8ms)
  Rendered layouts/shared/_header.html.erb (0.4ms)
  Rendered layouts/shared/_footer.html.erb (0.1ms)
Completed 200 OK in 389ms (Views: 200.6ms | ActiveRecord: 109.4ms)


Started GET "/posts" for 127.0.0.1 at 2017-04-14 19:36:50 +0500
Processing by PostsController#index as HTML
  [1m[35mUser Load (0.7ms)[0m  SELECT  "users".* FROM "users" WHERE "users"."id" = $1  ORDER BY "users"."id" ASC LIMIT 1  [["id", 1]]
  [1m[36mPost Load (0.5ms)[0m  [1mSELECT "posts".* FROM "posts" WHERE "posts"."user_id" = $1  ORDER BY created_at[0m  [["user_id", 1]]
  [1m[35mType Load (0.4ms)[0m  SELECT  "types".* FROM "types" WHERE "types"."id" = $1 LIMIT 1  [["id", 1]]
  [1m[36mType Load (0.4ms)[0m  [1mSELECT  "types".* FROM "types" WHERE "types"."id" = $1 LIMIT 1[0m  [["id", 2]]
  Rendered posts/index.html.erb within layouts/application (4.7ms)
  Rendered layouts/shared/_header.html.erb (0.3ms)
  Rendered layouts/shared/_footer.html.erb (0.0ms)
Completed 200 OK in 81ms (Views: 74.7ms | ActiveRecord: 2.0ms)


Started GET "/" for 127.0.0.1 at 2017-04-14 19:37:00 +0500
Processing by WelcomeController#index as HTML
  [1m[35mPost Load (0.6ms)[0m  SELECT  "posts".* FROM "posts"  ORDER BY created_at desc LIMIT 10 OFFSET 0
  [1m[36mUser Load (0.5ms)[0m  [1mSELECT  "users".* FROM "users" WHERE "users"."id" = $1 LIMIT 1[0m  [["id", 1]]
  [1m[35mType Load (0.3ms)[0m  SELECT  "types".* FROM "types" WHERE "types"."id" = $1 LIMIT 1  [["id", 2]]
  [1m[36mCACHE (0.0ms)[0m  [1mSELECT  "users".* FROM "users" WHERE "users"."id" = $1 LIMIT 1[0m  [["id", 1]]
  [1m[35mType Load (0.3ms)[0m  SELECT  "types".* FROM "types" WHERE "types"."id" = $1 LIMIT 1  [["id", 1]]
  Rendered welcome/index.html.erb within layouts/application (11.6ms)
  [1m[36mUser Load (0.4ms)[0m  [1mSELECT  "users".* FROM "users" WHERE "users"."id" = $1  ORDER BY "users"."id" ASC LIMIT 1[0m  [["id", 1]]
  Rendered layouts/shared/_header.html.erb (1.8ms)
  Rendered layouts/shared/_footer.html.erb (0.0ms)
Completed 200 OK in 97ms (Views: 93.3ms | ActiveRecord: 2.2ms)


Started GET "/?search=Academic" for 127.0.0.1 at 2017-04-14 19:37:09 +0500
Processing by WelcomeController#index as HTML
  Parameters: {"search"=>"Academic"}
  [1m[35mType Load (1.2ms)[0m  SELECT  "types".* FROM "types" WHERE (lower(name) = 'academic')  ORDER BY "types"."id" ASC LIMIT 1
  [1m[36mPost Load (0.8ms)[0m  [1mSELECT  "posts".* FROM "posts" WHERE "posts"."type_id" = $1  ORDER BY created_at desc LIMIT 10 OFFSET 0[0m  [["type_id", 1]]
  [1m[35mUser Load (0.9ms)[0m  SELECT  "users".* FROM "users" WHERE "users"."id" = $1 LIMIT 1  [["id", 1]]
  Rendered welcome/index.html.erb within layouts/application (7.9ms)
  [1m[36mUser Load (0.4ms)[0m  [1mSELECT  "users".* FROM "users" WHERE "users"."id" = $1  ORDER BY "users"."id" ASC LIMIT 1[0m  [["id", 1]]
  Rendered layouts/shared/_header.html.erb (1.9ms)
  Rendered layouts/shared/_footer.html.erb (0.0ms)
Completed 200 OK in 123ms (Views: 113.0ms | ActiveRecord: 3.5ms)


Started GET "/users/1" for 127.0.0.1 at 2017-04-14 19:37:20 +0500
Processing by UsersController#show as HTML
  Parameters: {"id"=>"1"}
  [1m[35mUser Load (1.0ms)[0m  SELECT  "users".* FROM "users" WHERE "users"."id" = $1  ORDER BY "users"."id" ASC LIMIT 1  [["id", 1]]
  Rendered users/show.html.erb within layouts/application (4.7ms)
  Rendered layouts/shared/_header.html.erb (0.3ms)
  Rendered layouts/shared/_footer.html.erb (0.0ms)
Completed 200 OK in 137ms (Views: 134.5ms | ActiveRecord: 1.0ms)


Started GET "/users/1/edit" for 127.0.0.1 at 2017-04-14 19:37:25 +0500
Processing by UsersController#edit as HTML
  Parameters: {"id"=>"1"}
  [1m[36mUser Load (0.7ms)[0m  [1mSELECT  "users".* FROM "users" WHERE "users"."id" = $1  ORDER BY "users"."id" ASC LIMIT 1[0m  [["id", 1]]
  Rendered users/edit.html.erb within layouts/application (3.7ms)
  Rendered layouts/shared/_header.html.erb (0.3ms)
  Rendered layouts/shared/_footer.html.erb (0.0ms)
Completed 200 OK in 153ms (Views: 150.6ms | ActiveRecord: 0.7ms)


Started GET "/posts" for 127.0.0.1 at 2017-04-14 19:37:29 +0500
Processing by PostsController#index as HTML
  [1m[35mUser Load (0.8ms)[0m  SELECT  "users".* FROM "users" WHERE "users"."id" = $1  ORDER BY "users"."id" ASC LIMIT 1  [["id", 1]]
  [1m[36mPost Load (0.7ms)[0m  [1mSELECT "posts".* FROM "posts" WHERE "posts"."user_id" = $1  ORDER BY created_at[0m  [["user_id", 1]]
  [1m[35mType Load (0.4ms)[0m  SELECT  "types".* FROM "types" WHERE "types"."id" = $1 LIMIT 1  [["id", 1]]
  [1m[36mType Load (0.5ms)[0m  [1mSELECT  "types".* FROM "types" WHERE "types"."id" = $1 LIMIT 1[0m  [["id", 2]]
  Rendered posts/index.html.erb within layouts/application (6.5ms)
  Rendered layouts/shared/_header.html.erb (0.3ms)
  Rendered layouts/shared/_footer.html.erb (0.0ms)
Completed 200 OK in 101ms (Views: 94.6ms | ActiveRecord: 2.4ms)


Started GET "/users/1" for 127.0.0.1 at 2017-04-14 19:37:33 +0500
Processing by UsersController#show as HTML
  Parameters: {"id"=>"1"}
  [1m[35mUser Load (0.4ms)[0m  SELECT  "users".* FROM "users" WHERE "users"."id" = $1  ORDER BY "users"."id" ASC LIMIT 1  [["id", 1]]
  Rendered users/show.html.erb within layouts/application (2.3ms)
  Rendered layouts/shared/_header.html.erb (0.3ms)
  Rendered layouts/shared/_footer.html.erb (0.0ms)
Completed 200 OK in 96ms (Views: 94.7ms | ActiveRecord: 0.4ms)


Started GET "/users/1/edit" for 127.0.0.1 at 2017-04-14 19:37:36 +0500
Processing by UsersController#edit as HTML
  Parameters: {"id"=>"1"}
  [1m[36mUser Load (0.7ms)[0m  [1mSELECT  "users".* FROM "users" WHERE "users"."id" = $1  ORDER BY "users"."id" ASC LIMIT 1[0m  [["id", 1]]
  Rendered users/edit.html.erb within layouts/application (2.7ms)
  Rendered layouts/shared/_header.html.erb (0.3ms)
  Rendered layouts/shared/_footer.html.erb (0.0ms)
Completed 200 OK in 101ms (Views: 98.3ms | ActiveRecord: 0.7ms)


Started GET "/posts" for 127.0.0.1 at 2017-04-14 19:37:41 +0500
Processing by PostsController#index as HTML
  [1m[35mUser Load (0.9ms)[0m  SELECT  "users".* FROM "users" WHERE "users"."id" = $1  ORDER BY "users"."id" ASC LIMIT 1  [["id", 1]]
  [1m[36mPost Load (0.8ms)[0m  [1mSELECT "posts".* FROM "posts" WHERE "posts"."user_id" = $1  ORDER BY created_at[0m  [["user_id", 1]]
  [1m[35mType Load (0.5ms)[0m  SELECT  "types".* FROM "types" WHERE "types"."id" = $1 LIMIT 1  [["id", 1]]
  [1m[36mType Load (0.4ms)[0m  [1mSELECT  "types".* FROM "types" WHERE "types"."id" = $1 LIMIT 1[0m  [["id", 2]]
  Rendered posts/index.html.erb within layouts/application (7.7ms)
  Rendered layouts/shared/_header.html.erb (0.3ms)
  Rendered layouts/shared/_footer.html.erb (0.0ms)
Completed 200 OK in 110ms (Views: 103.7ms | ActiveRecord: 2.6ms)


Started GET "/posts/new" for 127.0.0.1 at 2017-04-14 19:37:45 +0500
Processing by PostsController#new as HTML
  [1m[35mUser Load (0.6ms)[0m  SELECT  "users".* FROM "users" WHERE "users"."id" = $1  ORDER BY "users"."id" ASC LIMIT 1  [["id", 1]]
  [1m[36mType Load (0.4ms)[0m  [1mSELECT "types".* FROM "types"[0m
  Rendered posts/_form.html.erb (4.1ms)
  Rendered posts/new.html.erb within layouts/application (5.0ms)
  Rendered layouts/shared/_header.html.erb (0.3ms)
  Rendered layouts/shared/_footer.html.erb (0.0ms)
Completed 200 OK in 102ms (Views: 95.5ms | ActiveRecord: 1.0ms)


Started POST "/posts" for 127.0.0.1 at 2017-04-14 19:38:01 +0500
Processing by PostsController#create as HTML
  Parameters: {"utf8"=>"✓", "authenticity_token"=>"V6ufjDcxraJC+VorwXYp0lGtp3OKw+xmSBQTufArx29Dd5AkSaFck8adQ2H56+HESfwPyo/8p1QSs+Y4mdJIAQ==", "post"=>{"type_id"=>"1", "title"=>"Acd test 2", "description"=>"Testing the academic work"}, "commit"=>"Publish Post"}
  [1m[35mUser Load (0.4ms)[0m  SELECT  "users".* FROM "users" WHERE "users"."id" = $1  ORDER BY "users"."id" ASC LIMIT 1  [["id", 1]]
  [1m[36m (0.2ms)[0m  [1mBEGIN[0m
  [1m[35mType Load (0.4ms)[0m  SELECT  "types".* FROM "types" WHERE "types"."id" = $1 LIMIT 1  [["id", 1]]
  [1m[36mSQL (1.3ms)[0m  [1mINSERT INTO "posts" ("type_id", "title", "description", "user_id", "created_at", "updated_at") VALUES ($1, $2, $3, $4, $5, $6) RETURNING "id"[0m  [["type_id", 1], ["title", "Acd test 2"], ["description", "Testing the academic work"], ["user_id", 1], ["created_at", "2017-04-14 14:38:01.360885"], ["updated_at", "2017-04-14 14:38:01.360885"]]
  [1m[35m (72.8ms)[0m  COMMIT
Redirected to http://localhost:3000/posts/3
Completed 302 Found in 85ms (ActiveRecord: 75.1ms)


Started GET "/posts/3" for 127.0.0.1 at 2017-04-14 19:38:01 +0500
Processing by PostsController#show as HTML
  Parameters: {"id"=>"3"}
  [1m[36mPost Load (0.4ms)[0m  [1mSELECT  "posts".* FROM "posts" WHERE "posts"."id" = $1 LIMIT 1[0m  [["id", 3]]
  [1m[35mType Load (0.3ms)[0m  SELECT  "types".* FROM "types" WHERE "types"."id" = $1 LIMIT 1  [["id", 1]]
  [1m[36mUser Load (0.6ms)[0m  [1mSELECT  "users".* FROM "users" WHERE "users"."id" = $1 LIMIT 1[0m  [["id", 1]]
  [1m[35mUser Load (0.4ms)[0m  SELECT  "users".* FROM "users" WHERE "users"."id" = $1  ORDER BY "users"."id" ASC LIMIT 1  [["id", 1]]
  [1m[36mComment Load (0.7ms)[0m  [1mSELECT "comments".* FROM "comments" WHERE "comments"."post_id" = $1  ORDER BY created_at[0m  [["post_id", 3]]
  Rendered posts/show.html.erb within layouts/application (8.5ms)
  Rendered layouts/shared/_header.html.erb (0.3ms)
  Rendered layouts/shared/_footer.html.erb (0.0ms)
Completed 200 OK in 87ms (Views: 83.0ms | ActiveRecord: 2.3ms)


Started GET "/posts" for 127.0.0.1 at 2017-04-14 19:38:06 +0500
Processing by PostsController#index as HTML
  [1m[35mUser Load (0.5ms)[0m  SELECT  "users".* FROM "users" WHERE "users"."id" = $1  ORDER BY "users"."id" ASC LIMIT 1  [["id", 1]]
  [1m[36mPost Load (0.5ms)[0m  [1mSELECT "posts".* FROM "posts" WHERE "posts"."user_id" = $1  ORDER BY created_at[0m  [["user_id", 1]]
  [1m[35mType Load (0.5ms)[0m  SELECT  "types".* FROM "types" WHERE "types"."id" = $1 LIMIT 1  [["id", 1]]
  [1m[36mType Load (0.6ms)[0m  [1mSELECT  "types".* FROM "types" WHERE "types"."id" = $1 LIMIT 1[0m  [["id", 2]]
  [1m[35mCACHE (0.0ms)[0m  SELECT  "types".* FROM "types" WHERE "types"."id" = $1 LIMIT 1  [["id", 1]]
  Rendered posts/index.html.erb within layouts/application (8.8ms)
  Rendered layouts/shared/_header.html.erb (0.3ms)
  Rendered layouts/shared/_footer.html.erb (0.0ms)
Completed 200 OK in 100ms (Views: 94.4ms | ActiveRecord: 2.1ms)


Started GET "/posts" for 127.0.0.1 at 2017-04-14 19:38:06 +0500
Processing by PostsController#index as HTML
  [1m[36mUser Load (0.5ms)[0m  [1mSELECT  "users".* FROM "users" WHERE "users"."id" = $1  ORDER BY "users"."id" ASC LIMIT 1[0m  [["id", 1]]
  [1m[35mPost Load (0.6ms)[0m  SELECT "posts".* FROM "posts" WHERE "posts"."user_id" = $1  ORDER BY created_at  [["user_id", 1]]
  [1m[36mType Load (0.4ms)[0m  [1mSELECT  "types".* FROM "types" WHERE "types"."id" = $1 LIMIT 1[0m  [["id", 1]]
  [1m[35mType Load (0.3ms)[0m  SELECT  "types".* FROM "types" WHERE "types"."id" = $1 LIMIT 1  [["id", 2]]
  [1m[36mCACHE (0.0ms)[0m  [1mSELECT  "types".* FROM "types" WHERE "types"."id" = $1 LIMIT 1[0m  [["id", 1]]
  Rendered posts/index.html.erb within layouts/application (9.8ms)
  Rendered layouts/shared/_header.html.erb (0.3ms)
  Rendered layouts/shared/_footer.html.erb (0.0ms)
Completed 200 OK in 111ms (Views: 105.8ms | ActiveRecord: 1.9ms)


Started GET "/posts/new" for 127.0.0.1 at 2017-04-14 19:38:10 +0500
Processing by PostsController#new as HTML
  [1m[35mUser Load (0.9ms)[0m  SELECT  "users".* FROM "users" WHERE "users"."id" = $1  ORDER BY "users"."id" ASC LIMIT 1  [["id", 1]]
  [1m[36mType Load (0.9ms)[0m  [1mSELECT "types".* FROM "types"[0m
  Rendered posts/_form.html.erb (5.6ms)
  Rendered posts/new.html.erb within layouts/application (6.7ms)
  Rendered layouts/shared/_header.html.erb (0.3ms)
  Rendered layouts/shared/_footer.html.erb (0.0ms)
Completed 200 OK in 121ms (Views: 112.3ms | ActiveRecord: 1.8ms)


Started POST "/posts" for 127.0.0.1 at 2017-04-14 19:38:17 +0500
Processing by PostsController#create as HTML
  Parameters: {"utf8"=>"✓", "authenticity_token"=>"GouiB9ovxTOvXwjwAtOZHdbympd66USm3YUYNojWlL4OV62vpL80Ais7Ebo6TlELzqMyLn/WD5SHIu234S8b0A==", "post"=>{"type_id"=>"3", "title"=>"jnaj", "description"=>"jnvjdv"}, "commit"=>"Publish Post"}
  [1m[35mUser Load (0.3ms)[0m  SELECT  "users".* FROM "users" WHERE "users"."id" = $1  ORDER BY "users"."id" ASC LIMIT 1  [["id", 1]]
  [1m[36m (0.2ms)[0m  [1mBEGIN[0m
  [1m[35mType Load (0.3ms)[0m  SELECT  "types".* FROM "types" WHERE "types"."id" = $1 LIMIT 1  [["id", 3]]
  [1m[36mSQL (0.7ms)[0m  [1mINSERT INTO "posts" ("type_id", "title", "description", "user_id", "created_at", "updated_at") VALUES ($1, $2, $3, $4, $5, $6) RETURNING "id"[0m  [["type_id", 3], ["title", "jnaj"], ["description", "jnvjdv"], ["user_id", 1], ["created_at", "2017-04-14 14:38:17.042802"], ["updated_at", "2017-04-14 14:38:17.042802"]]
  [1m[35m (174.1ms)[0m  COMMIT
Redirected to http://localhost:3000/posts/4
Completed 302 Found in 184ms (ActiveRecord: 175.7ms)


Started GET "/posts/4" for 127.0.0.1 at 2017-04-14 19:38:17 +0500
Processing by PostsController#show as HTML
  Parameters: {"id"=>"4"}
  [1m[36mPost Load (0.7ms)[0m  [1mSELECT  "posts".* FROM "posts" WHERE "posts"."id" = $1 LIMIT 1[0m  [["id", 4]]
  [1m[35mType Load (0.6ms)[0m  SELECT  "types".* FROM "types" WHERE "types"."id" = $1 LIMIT 1  [["id", 3]]
  [1m[36mUser Load (0.8ms)[0m  [1mSELECT  "users".* FROM "users" WHERE "users"."id" = $1 LIMIT 1[0m  [["id", 1]]
  [1m[35mUser Load (0.5ms)[0m  SELECT  "users".* FROM "users" WHERE "users"."id" = $1  ORDER BY "users"."id" ASC LIMIT 1  [["id", 1]]
  [1m[36mComment Load (0.5ms)[0m  [1mSELECT "comments".* FROM "comments" WHERE "comments"."post_id" = $1  ORDER BY created_at[0m  [["post_id", 4]]
  Rendered posts/show.html.erb within layouts/application (10.9ms)
  Rendered layouts/shared/_header.html.erb (0.4ms)
  Rendered layouts/shared/_footer.html.erb (0.1ms)
Completed 200 OK in 116ms (Views: 109.0ms | ActiveRecord: 3.1ms)


Started GET "/posts" for 127.0.0.1 at 2017-04-14 19:38:19 +0500
Processing by PostsController#index as HTML
  [1m[35mUser Load (0.5ms)[0m  SELECT  "users".* FROM "users" WHERE "users"."id" = $1  ORDER BY "users"."id" ASC LIMIT 1  [["id", 1]]
  [1m[36mPost Load (0.5ms)[0m  [1mSELECT "posts".* FROM "posts" WHERE "posts"."user_id" = $1  ORDER BY created_at[0m  [["user_id", 1]]
  [1m[35mType Load (0.4ms)[0m  SELECT  "types".* FROM "types" WHERE "types"."id" = $1 LIMIT 1  [["id", 1]]
  [1m[36mType Load (0.4ms)[0m  [1mSELECT  "types".* FROM "types" WHERE "types"."id" = $1 LIMIT 1[0m  [["id", 2]]
  [1m[35mCACHE (0.0ms)[0m  SELECT  "types".* FROM "types" WHERE "types"."id" = $1 LIMIT 1  [["id", 1]]
  [1m[36mType Load (0.3ms)[0m  [1mSELECT  "types".* FROM "types" WHERE "types"."id" = $1 LIMIT 1[0m  [["id", 3]]
  Rendered posts/index.html.erb within layouts/application (8.1ms)
  Rendered layouts/shared/_header.html.erb (0.3ms)
  Rendered layouts/shared/_footer.html.erb (0.0ms)
Completed 200 OK in 90ms (Views: 85.9ms | ActiveRecord: 2.0ms)


Started GET "/posts/new" for 127.0.0.1 at 2017-04-14 19:38:21 +0500
Processing by PostsController#new as HTML
  [1m[35mUser Load (0.7ms)[0m  SELECT  "users".* FROM "users" WHERE "users"."id" = $1  ORDER BY "users"."id" ASC LIMIT 1  [["id", 1]]
  [1m[36mType Load (0.9ms)[0m  [1mSELECT "types".* FROM "types"[0m
  Rendered posts/_form.html.erb (4.8ms)
  Rendered posts/new.html.erb within layouts/application (6.1ms)
  Rendered layouts/shared/_header.html.erb (0.3ms)
  Rendered layouts/shared/_footer.html.erb (0.0ms)
Completed 200 OK in 101ms (Views: 95.2ms | ActiveRecord: 1.6ms)


Started POST "/posts" for 127.0.0.1 at 2017-04-14 19:38:28 +0500
Processing by PostsController#create as HTML
  Parameters: {"utf8"=>"✓", "authenticity_token"=>"EKnaIjj3VC7QeuD0/3IyRsyvHA7hPCYQotiEDrDzer4EddWKRmelH1Qe+b7H7/pQ1P60t+QDbSL4f3GP2Qr10A==", "post"=>{"type_id"=>"3", "title"=>"ckkvcn", "description"=>"kdvdakv"}, "commit"=>"Publish Post"}
  [1m[35mUser Load (0.5ms)[0m  SELECT  "users".* FROM "users" WHERE "users"."id" = $1  ORDER BY "users"."id" ASC LIMIT 1  [["id", 1]]
  [1m[36m (0.3ms)[0m  [1mBEGIN[0m
  [1m[35mType Load (0.3ms)[0m  SELECT  "types".* FROM "types" WHERE "types"."id" = $1 LIMIT 1  [["id", 3]]
  [1m[36mSQL (0.7ms)[0m  [1mINSERT INTO "posts" ("type_id", "title", "description", "user_id", "created_at", "updated_at") VALUES ($1, $2, $3, $4, $5, $6) RETURNING "id"[0m  [["type_id", 3], ["title", "ckkvcn"], ["description", "kdvdakv"], ["user_id", 1], ["created_at", "2017-04-14 14:38:28.626444"], ["updated_at", "2017-04-14 14:38:28.626444"]]
  [1m[35m (33.5ms)[0m  COMMIT
Redirected to http://localhost:3000/posts/5
Completed 302 Found in 44ms (ActiveRecord: 35.3ms)


Started GET "/posts/5" for 127.0.0.1 at 2017-04-14 19:38:28 +0500
Processing by PostsController#show as HTML
  Parameters: {"id"=>"5"}
  [1m[36mPost Load (0.4ms)[0m  [1mSELECT  "posts".* FROM "posts" WHERE "posts"."id" = $1 LIMIT 1[0m  [["id", 5]]
  [1m[35mType Load (0.4ms)[0m  SELECT  "types".* FROM "types" WHERE "types"."id" = $1 LIMIT 1  [["id", 3]]
  [1m[36mUser Load (0.8ms)[0m  [1mSELECT  "users".* FROM "users" WHERE "users"."id" = $1 LIMIT 1[0m  [["id", 1]]
  [1m[35mUser Load (0.3ms)[0m  SELECT  "users".* FROM "users" WHERE "users"."id" = $1  ORDER BY "users"."id" ASC LIMIT 1  [["id", 1]]
  [1m[36mComment Load (0.3ms)[0m  [1mSELECT "comments".* FROM "comments" WHERE "comments"."post_id" = $1  ORDER BY created_at[0m  [["post_id", 5]]
  Rendered posts/show.html.erb within layouts/application (7.0ms)
  Rendered layouts/shared/_header.html.erb (0.3ms)
  Rendered layouts/shared/_footer.html.erb (0.0ms)
Completed 200 OK in 655ms (Views: 78.8ms | ActiveRecord: 2.1ms)


Started GET "/posts" for 127.0.0.1 at 2017-04-14 19:38:33 +0500
Processing by PostsController#index as HTML
  [1m[35mUser Load (0.4ms)[0m  SELECT  "users".* FROM "users" WHERE "users"."id" = $1  ORDER BY "users"."id" ASC LIMIT 1  [["id", 1]]
  [1m[36mPost Load (0.4ms)[0m  [1mSELECT "posts".* FROM "posts" WHERE "posts"."user_id" = $1  ORDER BY created_at[0m  [["user_id", 1]]
  [1m[35mType Load (0.3ms)[0m  SELECT  "types".* FROM "types" WHERE "types"."id" = $1 LIMIT 1  [["id", 1]]
  [1m[36mType Load (0.5ms)[0m  [1mSELECT  "types".* FROM "types" WHERE "types"."id" = $1 LIMIT 1[0m  [["id", 2]]
  [1m[35mCACHE (0.0ms)[0m  SELECT  "types".* FROM "types" WHERE "types"."id" = $1 LIMIT 1  [["id", 1]]
  [1m[36mType Load (0.3ms)[0m  [1mSELECT  "types".* FROM "types" WHERE "types"."id" = $1 LIMIT 1[0m  [["id", 3]]
  [1m[35mCACHE (0.0ms)[0m  SELECT  "types".* FROM "types" WHERE "types"."id" = $1 LIMIT 1  [["id", 3]]
  Rendered posts/index.html.erb within layouts/application (9.4ms)
  Rendered layouts/shared/_header.html.erb (0.3ms)
  Rendered layouts/shared/_footer.html.erb (0.0ms)
Completed 200 OK in 93ms (Views: 88.1ms | ActiveRecord: 1.9ms)


Started GET "/posts/new" for 127.0.0.1 at 2017-04-14 19:38:37 +0500
Processing by PostsController#new as HTML
  [1m[36mUser Load (0.6ms)[0m  [1mSELECT  "users".* FROM "users" WHERE "users"."id" = $1  ORDER BY "users"."id" ASC LIMIT 1[0m  [["id", 1]]
  [1m[35mType Load (0.6ms)[0m  SELECT "types".* FROM "types"
  Rendered posts/_form.html.erb (4.7ms)
  Rendered posts/new.html.erb within layouts/application (5.7ms)
  Rendered layouts/shared/_header.html.erb (0.4ms)
  Rendered layouts/shared/_footer.html.erb (0.0ms)
Completed 200 OK in 105ms (Views: 98.2ms | ActiveRecord: 1.2ms)


Started POST "/posts" for 127.0.0.1 at 2017-04-14 19:38:46 +0500
Processing by PostsController#create as HTML
  Parameters: {"utf8"=>"✓", "authenticity_token"=>"VUKD5h0r/Jh8BdHoRfle4+rv19GAlKTyvMEl21UEe4tBnoxOY7sNqfhhyKJ9ZJb18r5/aIWr78DmZtBaPP305Q==", "post"=>{"type_id"=>"3", "title"=>"jdnvj", "description"=>"jfcnwdjkvn\r\n"}, "commit"=>"Publish Post"}
  [1m[36mUser Load (0.4ms)[0m  [1mSELECT  "users".* FROM "users" WHERE "users"."id" = $1  ORDER BY "users"."id" ASC LIMIT 1[0m  [["id", 1]]
  [1m[35m (0.3ms)[0m  BEGIN
  [1m[36mType Load (0.3ms)[0m  [1mSELECT  "types".* FROM "types" WHERE "types"."id" = $1 LIMIT 1[0m  [["id", 3]]
  [1m[35mSQL (0.9ms)[0m  INSERT INTO "posts" ("type_id", "title", "description", "user_id", "created_at", "updated_at") VALUES ($1, $2, $3, $4, $5, $6) RETURNING "id"  [["type_id", 3], ["title", "jdnvj"], ["description", "jfcnwdjkvn\r\n"], ["user_id", 1], ["created_at", "2017-04-14 14:38:46.494049"], ["updated_at", "2017-04-14 14:38:46.494049"]]
  [1m[36m (128.6ms)[0m  [1mCOMMIT[0m
Redirected to http://localhost:3000/posts/6
Completed 302 Found in 140ms (ActiveRecord: 130.5ms)


Started GET "/posts/6" for 127.0.0.1 at 2017-04-14 19:38:46 +0500
Processing by PostsController#show as HTML
  Parameters: {"id"=>"6"}
  [1m[35mPost Load (0.7ms)[0m  SELECT  "posts".* FROM "posts" WHERE "posts"."id" = $1 LIMIT 1  [["id", 6]]
  [1m[36mType Load (0.6ms)[0m  [1mSELECT  "types".* FROM "types" WHERE "types"."id" = $1 LIMIT 1[0m  [["id", 3]]
  [1m[35mUser Load (0.7ms)[0m  SELECT  "users".* FROM "users" WHERE "users"."id" = $1 LIMIT 1  [["id", 1]]
  [1m[36mUser Load (0.6ms)[0m  [1mSELECT  "users".* FROM "users" WHERE "users"."id" = $1  ORDER BY "users"."id" ASC LIMIT 1[0m  [["id", 1]]
  [1m[35mComment Load (0.7ms)[0m  SELECT "comments".* FROM "comments" WHERE "comments"."post_id" = $1  ORDER BY created_at  [["post_id", 6]]
  Rendered posts/show.html.erb within layouts/application (13.2ms)
  Rendered layouts/shared/_header.html.erb (0.3ms)
  Rendered layouts/shared/_footer.html.erb (0.0ms)
Completed 200 OK in 132ms (Views: 123.9ms | ActiveRecord: 3.4ms)


Started GET "/posts" for 127.0.0.1 at 2017-04-14 19:38:50 +0500
Processing by PostsController#index as HTML
  [1m[36mUser Load (0.4ms)[0m  [1mSELECT  "users".* FROM "users" WHERE "users"."id" = $1  ORDER BY "users"."id" ASC LIMIT 1[0m  [["id", 1]]
  [1m[35mPost Load (0.5ms)[0m  SELECT "posts".* FROM "posts" WHERE "posts"."user_id" = $1  ORDER BY created_at  [["user_id", 1]]
  [1m[36mType Load (0.3ms)[0m  [1mSELECT  "types".* FROM "types" WHERE "types"."id" = $1 LIMIT 1[0m  [["id", 1]]
  [1m[35mType Load (0.5ms)[0m  SELECT  "types".* FROM "types" WHERE "types"."id" = $1 LIMIT 1  [["id", 2]]
  [1m[36mCACHE (0.0ms)[0m  [1mSELECT  "types".* FROM "types" WHERE "types"."id" = $1 LIMIT 1[0m  [["id", 1]]
  [1m[35mType Load (0.5ms)[0m  SELECT  "types".* FROM "types" WHERE "types"."id" = $1 LIMIT 1  [["id", 3]]
  [1m[36mCACHE (0.0ms)[0m  [1mSELECT  "types".* FROM "types" WHERE "types"."id" = $1 LIMIT 1[0m  [["id", 3]]
  [1m[35mCACHE (0.0ms)[0m  SELECT  "types".* FROM "types" WHERE "types"."id" = $1 LIMIT 1  [["id", 3]]
  Rendered posts/index.html.erb within layouts/application (10.4ms)
  Rendered layouts/shared/_header.html.erb (0.3ms)
  Rendered layouts/shared/_footer.html.erb (0.0ms)
Completed 200 OK in 87ms (Views: 82.8ms | ActiveRecord: 2.2ms)


Started GET "/posts/new" for 127.0.0.1 at 2017-04-14 19:38:54 +0500
Processing by PostsController#new as HTML
  [1m[36mUser Load (0.6ms)[0m  [1mSELECT  "users".* FROM "users" WHERE "users"."id" = $1  ORDER BY "users"."id" ASC LIMIT 1[0m  [["id", 1]]
  [1m[35mType Load (0.7ms)[0m  SELECT "types".* FROM "types"
  Rendered posts/_form.html.erb (5.2ms)
  Rendered posts/new.html.erb within layouts/application (6.3ms)
  Rendered layouts/shared/_header.html.erb (0.5ms)
  Rendered layouts/shared/_footer.html.erb (0.0ms)
Completed 200 OK in 116ms (Views: 110.0ms | ActiveRecord: 1.4ms)


Started GET "/" for 127.0.0.1 at 2017-04-14 19:38:57 +0500
Processing by WelcomeController#index as HTML
  [1m[36mPost Load (0.7ms)[0m  [1mSELECT  "posts".* FROM "posts"  ORDER BY created_at desc LIMIT 10 OFFSET 0[0m
  [1m[35mUser Load (0.6ms)[0m  SELECT  "users".* FROM "users" WHERE "users"."id" = $1 LIMIT 1  [["id", 1]]
  [1m[36mType Load (0.5ms)[0m  [1mSELECT  "types".* FROM "types" WHERE "types"."id" = $1 LIMIT 1[0m  [["id", 3]]
  [1m[35mCACHE (0.0ms)[0m  SELECT  "users".* FROM "users" WHERE "users"."id" = $1 LIMIT 1  [["id", 1]]
  [1m[36mCACHE (0.0ms)[0m  [1mSELECT  "types".* FROM "types" WHERE "types"."id" = $1 LIMIT 1[0m  [["id", 3]]
  [1m[35mCACHE (0.0ms)[0m  SELECT  "users".* FROM "users" WHERE "users"."id" = $1 LIMIT 1  [["id", 1]]
  [1m[36mCACHE (0.0ms)[0m  [1mSELECT  "types".* FROM "types" WHERE "types"."id" = $1 LIMIT 1[0m  [["id", 3]]
  [1m[35mCACHE (0.0ms)[0m  SELECT  "users".* FROM "users" WHERE "users"."id" = $1 LIMIT 1  [["id", 1]]
  [1m[36mType Load (0.5ms)[0m  [1mSELECT  "types".* FROM "types" WHERE "types"."id" = $1 LIMIT 1[0m  [["id", 1]]
  [1m[35mCACHE (0.0ms)[0m  SELECT  "users".* FROM "users" WHERE "users"."id" = $1 LIMIT 1  [["id", 1]]
  [1m[36mType Load (0.4ms)[0m  [1mSELECT  "types".* FROM "types" WHERE "types"."id" = $1 LIMIT 1[0m  [["id", 2]]
  [1m[35mCACHE (0.0ms)[0m  SELECT  "users".* FROM "users" WHERE "users"."id" = $1 LIMIT 1  [["id", 1]]
  [1m[36mCACHE (0.0ms)[0m  [1mSELECT  "types".* FROM "types" WHERE "types"."id" = $1 LIMIT 1[0m  [["id", 1]]
  Rendered welcome/index.html.erb within layouts/application (20.6ms)
  [1m[35mUser Load (0.4ms)[0m  SELECT  "users".* FROM "users" WHERE "users"."id" = $1  ORDER BY "users"."id" ASC LIMIT 1  [["id", 1]]
  Rendered layouts/shared/_header.html.erb (2.0ms)
  Rendered layouts/shared/_footer.html.erb (0.0ms)
Completed 200 OK in 112ms (Views: 107.8ms | ActiveRecord: 3.2ms)


Started GET "/posts" for 127.0.0.1 at 2017-04-14 19:39:03 +0500
Processing by PostsController#index as HTML
  [1m[36mUser Load (0.6ms)[0m  [1mSELECT  "users".* FROM "users" WHERE "users"."id" = $1  ORDER BY "users"."id" ASC LIMIT 1[0m  [["id", 1]]
  [1m[35mPost Load (0.6ms)[0m  SELECT "posts".* FROM "posts" WHERE "posts"."user_id" = $1  ORDER BY created_at  [["user_id", 1]]
  [1m[36mType Load (0.7ms)[0m  [1mSELECT  "types".* FROM "types" WHERE "types"."id" = $1 LIMIT 1[0m  [["id", 1]]
  [1m[35mType Load (0.4ms)[0m  SELECT  "types".* FROM "types" WHERE "types"."id" = $1 LIMIT 1  [["id", 2]]
  [1m[36mCACHE (0.0ms)[0m  [1mSELECT  "types".* FROM "types" WHERE "types"."id" = $1 LIMIT 1[0m  [["id", 1]]
  [1m[35mType Load (0.5ms)[0m  SELECT  "types".* FROM "types" WHERE "types"."id" = $1 LIMIT 1  [["id", 3]]
  [1m[36mCACHE (0.0ms)[0m  [1mSELECT  "types".* FROM "types" WHERE "types"."id" = $1 LIMIT 1[0m  [["id", 3]]
  [1m[35mCACHE (0.0ms)[0m  SELECT  "types".* FROM "types" WHERE "types"."id" = $1 LIMIT 1  [["id", 3]]
  Rendered posts/index.html.erb within layouts/application (13.0ms)
  Rendered layouts/shared/_header.html.erb (0.3ms)
  Rendered layouts/shared/_footer.html.erb (0.1ms)
Completed 200 OK in 114ms (Views: 108.0ms | ActiveRecord: 2.8ms)


Started GET "/posts/new" for 127.0.0.1 at 2017-04-14 19:39:09 +0500
Processing by PostsController#new as HTML
  [1m[36mUser Load (0.6ms)[0m  [1mSELECT  "users".* FROM "users" WHERE "users"."id" = $1  ORDER BY "users"."id" ASC LIMIT 1[0m  [["id", 1]]
  [1m[35mType Load (0.6ms)[0m  SELECT "types".* FROM "types"
  Rendered posts/_form.html.erb (5.1ms)
  Rendered posts/new.html.erb within layouts/application (6.1ms)
  Rendered layouts/shared/_header.html.erb (0.3ms)
  Rendered layouts/shared/_footer.html.erb (0.0ms)
Completed 200 OK in 105ms (Views: 100.2ms | ActiveRecord: 1.2ms)


Started POST "/posts" for 127.0.0.1 at 2017-04-14 19:39:20 +0500
Processing by PostsController#create as HTML
  Parameters: {"utf8"=>"✓", "authenticity_token"=>"e5mBpqLC6dwHHZ+oibYUixRZonRHx7SYMmmibeWZxVBvRY4O3FIY7YN5huKxK9ydDAgKzUL4/6pozlfsjGBKPg==", "post"=>{"type_id"=>"4", "title"=>"dolll", "description"=>"lmkkadkfcdj"}, "commit"=>"Publish Post"}
  [1m[36mUser Load (0.4ms)[0m  [1mSELECT  "users".* FROM "users" WHERE "users"."id" = $1  ORDER BY "users"."id" ASC LIMIT 1[0m  [["id", 1]]
  [1m[35m (0.3ms)[0m  BEGIN
  [1m[36mType Load (0.3ms)[0m  [1mSELECT  "types".* FROM "types" WHERE "types"."id" = $1 LIMIT 1[0m  [["id", 4]]
  [1m[35mSQL (0.7ms)[0m  INSERT INTO "posts" ("type_id", "title", "description", "user_id", "created_at", "updated_at") VALUES ($1, $2, $3, $4, $5, $6) RETURNING "id"  [["type_id", 4], ["title", "dolll"], ["description", "lmkkadkfcdj"], ["user_id", 1], ["created_at", "2017-04-14 14:39:20.366382"], ["updated_at", "2017-04-14 14:39:20.366382"]]
  [1m[36m (75.3ms)[0m  [1mCOMMIT[0m
Redirected to http://localhost:3000/posts/7
Completed 302 Found in 87ms (ActiveRecord: 76.9ms)


Started GET "/posts/7" for 127.0.0.1 at 2017-04-14 19:39:20 +0500
Processing by PostsController#show as HTML
  Parameters: {"id"=>"7"}
  [1m[35mPost Load (0.6ms)[0m  SELECT  "posts".* FROM "posts" WHERE "posts"."id" = $1 LIMIT 1  [["id", 7]]
  [1m[36mType Load (0.4ms)[0m  [1mSELECT  "types".* FROM "types" WHERE "types"."id" = $1 LIMIT 1[0m  [["id", 4]]
  [1m[35mUser Load (0.3ms)[0m  SELECT  "users".* FROM "users" WHERE "users"."id" = $1 LIMIT 1  [["id", 1]]
  [1m[36mUser Load (0.4ms)[0m  [1mSELECT  "users".* FROM "users" WHERE "users"."id" = $1  ORDER BY "users"."id" ASC LIMIT 1[0m  [["id", 1]]
  [1m[35mComment Load (0.4ms)[0m  SELECT "comments".* FROM "comments" WHERE "comments"."post_id" = $1  ORDER BY created_at  [["post_id", 7]]
  Rendered posts/show.html.erb within layouts/application (8.5ms)
  Rendered layouts/shared/_header.html.erb (0.3ms)
  Rendered layouts/shared/_footer.html.erb (0.0ms)
Completed 200 OK in 98ms (Views: 91.4ms | ActiveRecord: 2.1ms)


Started GET "/posts" for 127.0.0.1 at 2017-04-14 19:39:22 +0500
Processing by PostsController#index as HTML
  [1m[36mUser Load (0.5ms)[0m  [1mSELECT  "users".* FROM "users" WHERE "users"."id" = $1  ORDER BY "users"."id" ASC LIMIT 1[0m  [["id", 1]]
  [1m[35mPost Load (0.6ms)[0m  SELECT "posts".* FROM "posts" WHERE "posts"."user_id" = $1  ORDER BY created_at  [["user_id", 1]]
  [1m[36mType Load (0.6ms)[0m  [1mSELECT  "types".* FROM "types" WHERE "types"."id" = $1 LIMIT 1[0m  [["id", 1]]
  [1m[35mType Load (0.4ms)[0m  SELECT  "types".* FROM "types" WHERE "types"."id" = $1 LIMIT 1  [["id", 2]]
  [1m[36mCACHE (0.0ms)[0m  [1mSELECT  "types".* FROM "types" WHERE "types"."id" = $1 LIMIT 1[0m  [["id", 1]]
  [1m[35mType Load (0.4ms)[0m  SELECT  "types".* FROM "types" WHERE "types"."id" = $1 LIMIT 1  [["id", 3]]
  [1m[36mCACHE (0.0ms)[0m  [1mSELECT  "types".* FROM "types" WHERE "types"."id" = $1 LIMIT 1[0m  [["id", 3]]
  [1m[35mCACHE (0.0ms)[0m  SELECT  "types".* FROM "types" WHERE "types"."id" = $1 LIMIT 1  [["id", 3]]
  [1m[36mType Load (0.4ms)[0m  [1mSELECT  "types".* FROM "types" WHERE "types"."id" = $1 LIMIT 1[0m  [["id", 4]]
  Rendered posts/index.html.erb within layouts/application (13.1ms)
  Rendered layouts/shared/_header.html.erb (0.3ms)
  Rendered layouts/shared/_footer.html.erb (0.0ms)
Completed 200 OK in 109ms (Views: 102.4ms | ActiveRecord: 3.0ms)


Started GET "/posts/new" for 127.0.0.1 at 2017-04-14 19:39:25 +0500
Processing by PostsController#new as HTML
  [1m[35mUser Load (0.6ms)[0m  SELECT  "users".* FROM "users" WHERE "users"."id" = $1  ORDER BY "users"."id" ASC LIMIT 1  [["id", 1]]
  [1m[36mType Load (0.7ms)[0m  [1mSELECT "types".* FROM "types"[0m
  Rendered posts/_form.html.erb (6.3ms)
  Rendered posts/new.html.erb within layouts/application (7.9ms)
  Rendered layouts/shared/_header.html.erb (0.3ms)
  Rendered layouts/shared/_footer.html.erb (0.0ms)
Completed 200 OK in 109ms (Views: 101.5ms | ActiveRecord: 1.3ms)


Started POST "/posts" for 127.0.0.1 at 2017-04-14 19:39:31 +0500
Processing by PostsController#create as HTML
  Parameters: {"utf8"=>"✓", "authenticity_token"=>"mHawtRw84kv20O7WGbrcCgtobG18foVSrs6YoU+/QkWMqr8dYqwTenK095whJxQcEznE1HlBzmD0aW0gJkbNKw==", "post"=>{"type_id"=>"3", "title"=>"kdmvckdavk", "description"=>"kdmvdkav"}, "commit"=>"Publish Post"}
  [1m[35mUser Load (0.5ms)[0m  SELECT  "users".* FROM "users" WHERE "users"."id" = $1  ORDER BY "users"."id" ASC LIMIT 1  [["id", 1]]
  [1m[36m (0.3ms)[0m  [1mBEGIN[0m
  [1m[35mType Load (0.4ms)[0m  SELECT  "types".* FROM "types" WHERE "types"."id" = $1 LIMIT 1  [["id", 3]]
  [1m[36mSQL (0.6ms)[0m  [1mINSERT INTO "posts" ("type_id", "title", "description", "user_id", "created_at", "updated_at") VALUES ($1, $2, $3, $4, $5, $6) RETURNING "id"[0m  [["type_id", 3], ["title", "kdmvckdavk"], ["description", "kdmvdkav"], ["user_id", 1], ["created_at", "2017-04-14 14:39:31.263398"], ["updated_at", "2017-04-14 14:39:31.263398"]]
  [1m[35m (43.5ms)[0m  COMMIT
Redirected to http://localhost:3000/posts/8
Completed 302 Found in 53ms (ActiveRecord: 45.2ms)


Started GET "/posts/8" for 127.0.0.1 at 2017-04-14 19:39:31 +0500
Processing by PostsController#show as HTML
  Parameters: {"id"=>"8"}
  [1m[36mPost Load (0.3ms)[0m  [1mSELECT  "posts".* FROM "posts" WHERE "posts"."id" = $1 LIMIT 1[0m  [["id", 8]]
  [1m[35mType Load (0.3ms)[0m  SELECT  "types".* FROM "types" WHERE "types"."id" = $1 LIMIT 1  [["id", 3]]
  [1m[36mUser Load (0.2ms)[0m  [1mSELECT  "users".* FROM "users" WHERE "users"."id" = $1 LIMIT 1[0m  [["id", 1]]
  [1m[35mUser Load (0.3ms)[0m  SELECT  "users".* FROM "users" WHERE "users"."id" = $1  ORDER BY "users"."id" ASC LIMIT 1  [["id", 1]]
  [1m[36mComment Load (0.2ms)[0m  [1mSELECT "comments".* FROM "comments" WHERE "comments"."post_id" = $1  ORDER BY created_at[0m  [["post_id", 8]]
  Rendered posts/show.html.erb within layouts/application (6.2ms)
  Rendered layouts/shared/_header.html.erb (0.3ms)
  Rendered layouts/shared/_footer.html.erb (0.0ms)
Completed 200 OK in 84ms (Views: 80.9ms | ActiveRecord: 1.4ms)


Started GET "/" for 127.0.0.1 at 2017-04-14 19:39:32 +0500
Processing by WelcomeController#index as HTML
  [1m[35mPost Load (0.6ms)[0m  SELECT  "posts".* FROM "posts"  ORDER BY created_at desc LIMIT 10 OFFSET 0
  [1m[36mUser Load (0.3ms)[0m  [1mSELECT  "users".* FROM "users" WHERE "users"."id" = $1 LIMIT 1[0m  [["id", 1]]
  [1m[35mType Load (0.3ms)[0m  SELECT  "types".* FROM "types" WHERE "types"."id" = $1 LIMIT 1  [["id", 3]]
  [1m[36mCACHE (0.0ms)[0m  [1mSELECT  "users".* FROM "users" WHERE "users"."id" = $1 LIMIT 1[0m  [["id", 1]]
  [1m[35mType Load (0.4ms)[0m  SELECT  "types".* FROM "types" WHERE "types"."id" = $1 LIMIT 1  [["id", 4]]
  [1m[36mCACHE (0.0ms)[0m  [1mSELECT  "users".* FROM "users" WHERE "users"."id" = $1 LIMIT 1[0m  [["id", 1]]
  [1m[35mCACHE (0.0ms)[0m  SELECT  "types".* FROM "types" WHERE "types"."id" = $1 LIMIT 1  [["id", 3]]
  [1m[36mCACHE (0.0ms)[0m  [1mSELECT  "users".* FROM "users" WHERE "users"."id" = $1 LIMIT 1[0m  [["id", 1]]
  [1m[35mCACHE (0.0ms)[0m  SELECT  "types".* FROM "types" WHERE "types"."id" = $1 LIMIT 1  [["id", 3]]
  [1m[36mCACHE (0.0ms)[0m  [1mSELECT  "users".* FROM "users" WHERE "users"."id" = $1 LIMIT 1[0m  [["id", 1]]
  [1m[35mCACHE (0.0ms)[0m  SELECT  "types".* FROM "types" WHERE "types"."id" = $1 LIMIT 1  [["id", 3]]
  [1m[36mCACHE (0.0ms)[0m  [1mSELECT  "users".* FROM "users" WHERE "users"."id" = $1 LIMIT 1[0m  [["id", 1]]
  [1m[35mType Load (0.3ms)[0m  SELECT  "types".* FROM "types" WHERE "types"."id" = $1 LIMIT 1  [["id", 1]]
  [1m[36mCACHE (0.0ms)[0m  [1mSELECT  "users".* FROM "users" WHERE "users"."id" = $1 LIMIT 1[0m  [["id", 1]]
  [1m[35mType Load (0.3ms)[0m  SELECT  "types".* FROM "types" WHERE "types"."id" = $1 LIMIT 1  [["id", 2]]
  [1m[36mCACHE (0.0ms)[0m  [1mSELECT  "users".* FROM "users" WHERE "users"."id" = $1 LIMIT 1[0m  [["id", 1]]
  [1m[35mCACHE (0.0ms)[0m  SELECT  "types".* FROM "types" WHERE "types"."id" = $1 LIMIT 1  [["id", 1]]
  Rendered welcome/index.html.erb within layouts/application (17.5ms)
  [1m[36mUser Load (0.4ms)[0m  [1mSELECT  "users".* FROM "users" WHERE "users"."id" = $1  ORDER BY "users"."id" ASC LIMIT 1[0m  [["id", 1]]
  Rendered layouts/shared/_header.html.erb (1.8ms)
  Rendered layouts/shared/_footer.html.erb (0.0ms)
Completed 200 OK in 97ms (Views: 93.6ms | ActiveRecord: 2.8ms)


Started GET "/posts" for 127.0.0.1 at 2017-04-14 19:39:37 +0500
Processing by PostsController#index as HTML
  [1m[35mUser Load (0.8ms)[0m  SELECT  "users".* FROM "users" WHERE "users"."id" = $1  ORDER BY "users"."id" ASC LIMIT 1  [["id", 1]]
  [1m[36mPost Load (0.5ms)[0m  [1mSELECT "posts".* FROM "posts" WHERE "posts"."user_id" = $1  ORDER BY created_at[0m  [["user_id", 1]]
  [1m[35mType Load (0.3ms)[0m  SELECT  "types".* FROM "types" WHERE "types"."id" = $1 LIMIT 1  [["id", 1]]
  [1m[36mType Load (0.4ms)[0m  [1mSELECT  "types".* FROM "types" WHERE "types"."id" = $1 LIMIT 1[0m  [["id", 2]]
  [1m[35mCACHE (0.0ms)[0m  SELECT  "types".* FROM "types" WHERE "types"."id" = $1 LIMIT 1  [["id", 1]]
  [1m[36mType Load (0.6ms)[0m  [1mSELECT  "types".* FROM "types" WHERE "types"."id" = $1 LIMIT 1[0m  [["id", 3]]
  [1m[35mCACHE (0.0ms)[0m  SELECT  "types".* FROM "types" WHERE "types"."id" = $1 LIMIT 1  [["id", 3]]
  [1m[36mCACHE (0.0ms)[0m  [1mSELECT  "types".* FROM "types" WHERE "types"."id" = $1 LIMIT 1[0m  [["id", 3]]
  [1m[35mType Load (0.4ms)[0m  SELECT  "types".* FROM "types" WHERE "types"."id" = $1 LIMIT 1  [["id", 4]]
  [1m[36mCACHE (0.0ms)[0m  [1mSELECT  "types".* FROM "types" WHERE "types"."id" = $1 LIMIT 1[0m  [["id", 3]]
  Rendered posts/index.html.erb within layouts/application (14.8ms)
  Rendered layouts/shared/_header.html.erb (0.3ms)
  Rendered layouts/shared/_footer.html.erb (0.0ms)
Completed 200 OK in 120ms (Views: 104.4ms | ActiveRecord: 3.2ms)


Started GET "/posts/new" for 127.0.0.1 at 2017-04-14 19:42:44 +0500
  [1m[36mActiveRecord::SchemaMigration Load (0.8ms)[0m  [1mSELECT "schema_migrations".* FROM "schema_migrations"[0m
Processing by PostsController#new as HTML
  [1m[35mUser Load (0.7ms)[0m  SELECT  "users".* FROM "users" WHERE "users"."id" = $1  ORDER BY "users"."id" ASC LIMIT 1  [["id", 1]]
  [1m[36mType Load (0.7ms)[0m  [1mSELECT "types".* FROM "types"[0m
  Rendered posts/_form.html.erb (28.5ms)
  Rendered posts/new.html.erb within layouts/application (32.3ms)
  Rendered layouts/shared/_header.html.erb (1.1ms)
  Rendered layouts/shared/_footer.html.erb (0.3ms)
Completed 200 OK in 290ms (Views: 209.2ms | ActiveRecord: 8.7ms)


Started POST "/posts" for 127.0.0.1 at 2017-04-14 19:42:51 +0500
Processing by PostsController#create as HTML
  Parameters: {"utf8"=>"✓", "authenticity_token"=>"LFPcmUHCyBdYhfdHekZOIJXX+E8ndNu3eNGjl7YRaIQ4j9MxP1I5Jtzh7g1C24Y2jYZQ9iJLkIUidlYW3+jn6g==", "post"=>{"type_id"=>"5", "title"=>",ckck", "description"=>" cjvnc"}, "commit"=>"Publish Post"}
  [1m[35mUser Load (0.6ms)[0m  SELECT  "users".* FROM "users" WHERE "users"."id" = $1  ORDER BY "users"."id" ASC LIMIT 1  [["id", 1]]
  [1m[36m (0.2ms)[0m  [1mBEGIN[0m
  [1m[35mType Load (0.3ms)[0m  SELECT  "types".* FROM "types" WHERE "types"."id" = $1 LIMIT 1  [["id", 5]]
  [1m[36mSQL (0.9ms)[0m  [1mINSERT INTO "posts" ("type_id", "title", "description", "user_id", "created_at", "updated_at") VALUES ($1, $2, $3, $4, $5, $6) RETURNING "id"[0m  [["type_id", 5], ["title", ",ckck"], ["description", " cjvnc"], ["user_id", 1], ["created_at", "2017-04-14 14:42:51.055441"], ["updated_at", "2017-04-14 14:42:51.055441"]]
  [1m[35m (65.5ms)[0m  COMMIT
Redirected to http://localhost:3000/posts/9
Completed 302 Found in 82ms (ActiveRecord: 67.4ms)


Started GET "/posts/9" for 127.0.0.1 at 2017-04-14 19:42:51 +0500
Processing by PostsController#show as HTML
  Parameters: {"id"=>"9"}
  [1m[36mPost Load (0.9ms)[0m  [1mSELECT  "posts".* FROM "posts" WHERE "posts"."id" = $1 LIMIT 1[0m  [["id", 9]]
  [1m[35mType Load (0.4ms)[0m  SELECT  "types".* FROM "types" WHERE "types"."id" = $1 LIMIT 1  [["id", 5]]
  [1m[36mUser Load (0.3ms)[0m  [1mSELECT  "users".* FROM "users" WHERE "users"."id" = $1 LIMIT 1[0m  [["id", 1]]
  [1m[35mUser Load (0.5ms)[0m  SELECT  "users".* FROM "users" WHERE "users"."id" = $1  ORDER BY "users"."id" ASC LIMIT 1  [["id", 1]]
  [1m[36mComment Load (0.5ms)[0m  [1mSELECT "comments".* FROM "comments" WHERE "comments"."post_id" = $1  ORDER BY created_at[0m  [["post_id", 9]]
  Rendered posts/show.html.erb within layouts/application (10.0ms)
  Rendered layouts/shared/_header.html.erb (0.3ms)
  Rendered layouts/shared/_footer.html.erb (0.0ms)
Completed 200 OK in 98ms (Views: 80.0ms | ActiveRecord: 5.3ms)


Started GET "/posts" for 127.0.0.1 at 2017-04-14 19:42:55 +0500
Processing by PostsController#index as HTML
  [1m[35mUser Load (0.6ms)[0m  SELECT  "users".* FROM "users" WHERE "users"."id" = $1  ORDER BY "users"."id" ASC LIMIT 1  [["id", 1]]
  [1m[36mPost Load (0.6ms)[0m  [1mSELECT "posts".* FROM "posts" WHERE "posts"."user_id" = $1  ORDER BY created_at[0m  [["user_id", 1]]
  [1m[35mType Load (0.4ms)[0m  SELECT  "types".* FROM "types" WHERE "types"."id" = $1 LIMIT 1  [["id", 1]]
  [1m[36mType Load (0.5ms)[0m  [1mSELECT  "types".* FROM "types" WHERE "types"."id" = $1 LIMIT 1[0m  [["id", 2]]
  [1m[35mCACHE (0.0ms)[0m  SELECT  "types".* FROM "types" WHERE "types"."id" = $1 LIMIT 1  [["id", 1]]
  [1m[36mType Load (0.8ms)[0m  [1mSELECT  "types".* FROM "types" WHERE "types"."id" = $1 LIMIT 1[0m  [["id", 3]]
  [1m[35mCACHE (0.0ms)[0m  SELECT  "types".* FROM "types" WHERE "types"."id" = $1 LIMIT 1  [["id", 3]]
  [1m[36mCACHE (0.0ms)[0m  [1mSELECT  "types".* FROM "types" WHERE "types"."id" = $1 LIMIT 1[0m  [["id", 3]]
  [1m[35mType Load (0.8ms)[0m  SELECT  "types".* FROM "types" WHERE "types"."id" = $1 LIMIT 1  [["id", 4]]
  [1m[36mCACHE (0.0ms)[0m  [1mSELECT  "types".* FROM "types" WHERE "types"."id" = $1 LIMIT 1[0m  [["id", 3]]
  [1m[35mType Load (0.4ms)[0m  SELECT  "types".* FROM "types" WHERE "types"."id" = $1 LIMIT 1  [["id", 5]]
  Rendered posts/index.html.erb within layouts/application (17.6ms)
  Rendered layouts/shared/_header.html.erb (1.1ms)
  Rendered layouts/shared/_footer.html.erb (0.3ms)
Completed 200 OK in 101ms (Views: 93.4ms | ActiveRecord: 4.1ms)


Started GET "/posts/new" for 127.0.0.1 at 2017-04-14 19:42:57 +0500
Processing by PostsController#new as HTML
  [1m[36mUser Load (0.8ms)[0m  [1mSELECT  "users".* FROM "users" WHERE "users"."id" = $1  ORDER BY "users"."id" ASC LIMIT 1[0m  [["id", 1]]
  [1m[35mType Load (0.6ms)[0m  SELECT "types".* FROM "types"
  Rendered posts/_form.html.erb (6.1ms)
  Rendered posts/new.html.erb within layouts/application (7.7ms)
  Rendered layouts/shared/_header.html.erb (0.3ms)
  Rendered layouts/shared/_footer.html.erb (0.0ms)
Completed 200 OK in 119ms (Views: 112.9ms | ActiveRecord: 1.4ms)


Started POST "/posts" for 127.0.0.1 at 2017-04-14 19:43:06 +0500
Processing by PostsController#create as HTML
  Parameters: {"utf8"=>"✓", "authenticity_token"=>"NS6beYwfTnQHeqp1GrdMI4TWGA1eH4tvILzivmmeZ6Yh8pTR8o+/RYMesz8iKoQ1nIewtFsgwF16Gxc/AGfoyA==", "post"=>{"type_id"=>"6", "title"=>"social", "description"=>"jsndjdns"}, "commit"=>"Publish Post"}
  [1m[36mUser Load (0.6ms)[0m  [1mSELECT  "users".* FROM "users" WHERE "users"."id" = $1  ORDER BY "users"."id" ASC LIMIT 1[0m  [["id", 1]]
  [1m[35m (0.3ms)[0m  BEGIN
  [1m[36mType Load (0.5ms)[0m  [1mSELECT  "types".* FROM "types" WHERE "types"."id" = $1 LIMIT 1[0m  [["id", 6]]
  [1m[35mSQL (1.6ms)[0m  INSERT INTO "posts" ("type_id", "title", "description", "user_id", "created_at", "updated_at") VALUES ($1, $2, $3, $4, $5, $6) RETURNING "id"  [["type_id", 6], ["title", "social"], ["description", "jsndjdns"], ["user_id", 1], ["created_at", "2017-04-14 14:43:06.436165"], ["updated_at", "2017-04-14 14:43:06.436165"]]
  [1m[36m (106.3ms)[0m  [1mCOMMIT[0m
Redirected to http://localhost:3000/posts/10
Completed 302 Found in 119ms (ActiveRecord: 109.3ms)


Started GET "/posts/10" for 127.0.0.1 at 2017-04-14 19:43:06 +0500
Processing by PostsController#show as HTML
  Parameters: {"id"=>"10"}
  [1m[35mPost Load (0.8ms)[0m  SELECT  "posts".* FROM "posts" WHERE "posts"."id" = $1 LIMIT 1  [["id", 10]]
  [1m[36mType Load (0.3ms)[0m  [1mSELECT  "types".* FROM "types" WHERE "types"."id" = $1 LIMIT 1[0m  [["id", 6]]
  [1m[35mUser Load (0.6ms)[0m  SELECT  "users".* FROM "users" WHERE "users"."id" = $1 LIMIT 1  [["id", 1]]
  [1m[36mUser Load (0.4ms)[0m  [1mSELECT  "users".* FROM "users" WHERE "users"."id" = $1  ORDER BY "users"."id" ASC LIMIT 1[0m  [["id", 1]]
  [1m[35mComment Load (0.4ms)[0m  SELECT "comments".* FROM "comments" WHERE "comments"."post_id" = $1  ORDER BY created_at  [["post_id", 10]]
  Rendered posts/show.html.erb within layouts/application (7.9ms)
  Rendered layouts/shared/_header.html.erb (0.3ms)
  Rendered layouts/shared/_footer.html.erb (0.0ms)
Completed 200 OK in 82ms (Views: 77.9ms | ActiveRecord: 2.5ms)


Started GET "/posts" for 127.0.0.1 at 2017-04-14 19:43:10 +0500
Processing by PostsController#index as HTML
  [1m[36mUser Load (0.6ms)[0m  [1mSELECT  "users".* FROM "users" WHERE "users"."id" = $1  ORDER BY "users"."id" ASC LIMIT 1[0m  [["id", 1]]
  [1m[35mPost Load (0.8ms)[0m  SELECT "posts".* FROM "posts" WHERE "posts"."user_id" = $1  ORDER BY created_at  [["user_id", 1]]
  [1m[36mType Load (0.5ms)[0m  [1mSELECT  "types".* FROM "types" WHERE "types"."id" = $1 LIMIT 1[0m  [["id", 1]]
  [1m[35mType Load (0.5ms)[0m  SELECT  "types".* FROM "types" WHERE "types"."id" = $1 LIMIT 1  [["id", 2]]
  [1m[36mCACHE (0.0ms)[0m  [1mSELECT  "types".* FROM "types" WHERE "types"."id" = $1 LIMIT 1[0m  [["id", 1]]
  [1m[35mType Load (0.6ms)[0m  SELECT  "types".* FROM "types" WHERE "types"."id" = $1 LIMIT 1  [["id", 3]]
  [1m[36mCACHE (0.0ms)[0m  [1mSELECT  "types".* FROM "types" WHERE "types"."id" = $1 LIMIT 1[0m  [["id", 3]]
  [1m[35mCACHE (0.0ms)[0m  SELECT  "types".* FROM "types" WHERE "types"."id" = $1 LIMIT 1  [["id", 3]]
  [1m[36mType Load (0.6ms)[0m  [1mSELECT  "types".* FROM "types" WHERE "types"."id" = $1 LIMIT 1[0m  [["id", 4]]
  [1m[35mCACHE (0.0ms)[0m  SELECT  "types".* FROM "types" WHERE "types"."id" = $1 LIMIT 1  [["id", 3]]
  [1m[36mType Load (0.5ms)[0m  [1mSELECT  "types".* FROM "types" WHERE "types"."id" = $1 LIMIT 1[0m  [["id", 5]]
  [1m[35mType Load (0.3ms)[0m  SELECT  "types".* FROM "types" WHERE "types"."id" = $1 LIMIT 1  [["id", 6]]
  Rendered posts/index.html.erb within layouts/application (22.5ms)
  Rendered layouts/shared/_header.html.erb (0.3ms)
  Rendered layouts/shared/_footer.html.erb (0.0ms)
Completed 200 OK in 115ms (Views: 107.9ms | ActiveRecord: 4.5ms)


Started GET "/posts/new" for 127.0.0.1 at 2017-04-14 19:43:14 +0500
Processing by PostsController#new as HTML
  [1m[36mUser Load (0.8ms)[0m  [1mSELECT  "users".* FROM "users" WHERE "users"."id" = $1  ORDER BY "users"."id" ASC LIMIT 1[0m  [["id", 1]]
  [1m[35mType Load (0.9ms)[0m  SELECT "types".* FROM "types"
  Rendered posts/_form.html.erb (4.2ms)
  Rendered posts/new.html.erb within layouts/application (5.0ms)
  Rendered layouts/shared/_header.html.erb (0.3ms)
  Rendered layouts/shared/_footer.html.erb (0.0ms)
Completed 200 OK in 96ms (Views: 89.3ms | ActiveRecord: 1.7ms)


Started POST "/posts" for 127.0.0.1 at 2017-04-14 19:43:23 +0500
Processing by PostsController#create as HTML
  Parameters: {"utf8"=>"✓", "authenticity_token"=>"JFTyNCJYwX0D6DKYO3t49AGOuDQ+a8imi3kEJG36C6kwiP2cXMgwTIeMK9ID5rDiGd8QjTtUg5TR3vGlBAOExw==", "post"=>{"type_id"=>"1", "title"=>"kjcvnjv", "description"=>"kjvndaljkv"}, "commit"=>"Publish Post"}
  [1m[36mUser Load (0.4ms)[0m  [1mSELECT  "users".* FROM "users" WHERE "users"."id" = $1  ORDER BY "users"."id" ASC LIMIT 1[0m  [["id", 1]]
  [1m[35m (0.2ms)[0m  BEGIN
  [1m[36mType Load (0.3ms)[0m  [1mSELECT  "types".* FROM "types" WHERE "types"."id" = $1 LIMIT 1[0m  [["id", 1]]
  [1m[35mSQL (1.1ms)[0m  INSERT INTO "posts" ("type_id", "title", "description", "user_id", "created_at", "updated_at") VALUES ($1, $2, $3, $4, $5, $6) RETURNING "id"  [["type_id", 1], ["title", "kjcvnjv"], ["description", "kjvndaljkv"], ["user_id", 1], ["created_at", "2017-04-14 14:43:23.017792"], ["updated_at", "2017-04-14 14:43:23.017792"]]
  [1m[36m (37.4ms)[0m  [1mCOMMIT[0m
Redirected to http://localhost:3000/posts/11
Completed 302 Found in 49ms (ActiveRecord: 39.5ms)


Started GET "/posts/11" for 127.0.0.1 at 2017-04-14 19:43:23 +0500
Processing by PostsController#show as HTML
  Parameters: {"id"=>"11"}
  [1m[35mPost Load (0.4ms)[0m  SELECT  "posts".* FROM "posts" WHERE "posts"."id" = $1 LIMIT 1  [["id", 11]]
  [1m[36mType Load (0.4ms)[0m  [1mSELECT  "types".* FROM "types" WHERE "types"."id" = $1 LIMIT 1[0m  [["id", 1]]
  [1m[35mUser Load (0.5ms)[0m  SELECT  "users".* FROM "users" WHERE "users"."id" = $1 LIMIT 1  [["id", 1]]
  [1m[36mUser Load (0.4ms)[0m  [1mSELECT  "users".* FROM "users" WHERE "users"."id" = $1  ORDER BY "users"."id" ASC LIMIT 1[0m  [["id", 1]]
  [1m[35mComment Load (0.4ms)[0m  SELECT "comments".* FROM "comments" WHERE "comments"."post_id" = $1  ORDER BY created_at  [["post_id", 11]]
  Rendered posts/show.html.erb within layouts/application (8.7ms)
  Rendered layouts/shared/_header.html.erb (0.3ms)
  Rendered layouts/shared/_footer.html.erb (0.0ms)
Completed 200 OK in 89ms (Views: 85.1ms | ActiveRecord: 2.0ms)


Started GET "/posts" for 127.0.0.1 at 2017-04-14 19:43:27 +0500
Processing by PostsController#index as HTML
  [1m[36mUser Load (0.5ms)[0m  [1mSELECT  "users".* FROM "users" WHERE "users"."id" = $1  ORDER BY "users"."id" ASC LIMIT 1[0m  [["id", 1]]
  [1m[35mPost Load (0.6ms)[0m  SELECT "posts".* FROM "posts" WHERE "posts"."user_id" = $1  ORDER BY created_at  [["user_id", 1]]
  [1m[36mType Load (0.4ms)[0m  [1mSELECT  "types".* FROM "types" WHERE "types"."id" = $1 LIMIT 1[0m  [["id", 1]]
  [1m[35mType Load (0.5ms)[0m  SELECT  "types".* FROM "types" WHERE "types"."id" = $1 LIMIT 1  [["id", 2]]
  [1m[36mCACHE (0.0ms)[0m  [1mSELECT  "types".* FROM "types" WHERE "types"."id" = $1 LIMIT 1[0m  [["id", 1]]
  [1m[35mType Load (0.3ms)[0m  SELECT  "types".* FROM "types" WHERE "types"."id" = $1 LIMIT 1  [["id", 3]]
  [1m[36mCACHE (0.0ms)[0m  [1mSELECT  "types".* FROM "types" WHERE "types"."id" = $1 LIMIT 1[0m  [["id", 3]]
  [1m[35mCACHE (0.0ms)[0m  SELECT  "types".* FROM "types" WHERE "types"."id" = $1 LIMIT 1  [["id", 3]]
  [1m[36mType Load (0.3ms)[0m  [1mSELECT  "types".* FROM "types" WHERE "types"."id" = $1 LIMIT 1[0m  [["id", 4]]
  [1m[35mCACHE (0.0ms)[0m  SELECT  "types".* FROM "types" WHERE "types"."id" = $1 LIMIT 1  [["id", 3]]
  [1m[36mType Load (0.3ms)[0m  [1mSELECT  "types".* FROM "types" WHERE "types"."id" = $1 LIMIT 1[0m  [["id", 5]]
  [1m[35mType Load (0.3ms)[0m  SELECT  "types".* FROM "types" WHERE "types"."id" = $1 LIMIT 1  [["id", 6]]
  [1m[36mCACHE (0.0ms)[0m  [1mSELECT  "types".* FROM "types" WHERE "types"."id" = $1 LIMIT 1[0m  [["id", 1]]
  Rendered posts/index.html.erb within layouts/application (15.4ms)
  Rendered layouts/shared/_header.html.erb (0.3ms)
  Rendered layouts/shared/_footer.html.erb (0.0ms)
Completed 200 OK in 94ms (Views: 88.0ms | ActiveRecord: 3.4ms)


Started GET "/" for 127.0.0.1 at 2017-04-14 19:43:36 +0500
Processing by WelcomeController#index as HTML
  [1m[35mPost Load (0.8ms)[0m  SELECT  "posts".* FROM "posts"  ORDER BY created_at desc LIMIT 10 OFFSET 0
  [1m[36mUser Load (0.7ms)[0m  [1mSELECT  "users".* FROM "users" WHERE "users"."id" = $1 LIMIT 1[0m  [["id", 1]]
  [1m[35mType Load (0.6ms)[0m  SELECT  "types".* FROM "types" WHERE "types"."id" = $1 LIMIT 1  [["id", 1]]
  [1m[36mCACHE (0.0ms)[0m  [1mSELECT  "users".* FROM "users" WHERE "users"."id" = $1 LIMIT 1[0m  [["id", 1]]
  [1m[35mType Load (0.5ms)[0m  SELECT  "types".* FROM "types" WHERE "types"."id" = $1 LIMIT 1  [["id", 6]]
  [1m[36mCACHE (0.0ms)[0m  [1mSELECT  "users".* FROM "users" WHERE "users"."id" = $1 LIMIT 1[0m  [["id", 1]]
  [1m[35mType Load (0.4ms)[0m  SELECT  "types".* FROM "types" WHERE "types"."id" = $1 LIMIT 1  [["id", 5]]
  [1m[36mCACHE (0.0ms)[0m  [1mSELECT  "users".* FROM "users" WHERE "users"."id" = $1 LIMIT 1[0m  [["id", 1]]
  [1m[35mType Load (0.6ms)[0m  SELECT  "types".* FROM "types" WHERE "types"."id" = $1 LIMIT 1  [["id", 3]]
  [1m[36mCACHE (0.0ms)[0m  [1mSELECT  "users".* FROM "users" WHERE "users"."id" = $1 LIMIT 1[0m  [["id", 1]]
  [1m[35mType Load (0.4ms)[0m  SELECT  "types".* FROM "types" WHERE "types"."id" = $1 LIMIT 1  [["id", 4]]
  [1m[36mCACHE (0.0ms)[0m  [1mSELECT  "users".* FROM "users" WHERE "users"."id" = $1 LIMIT 1[0m  [["id", 1]]
  [1m[35mCACHE (0.0ms)[0m  SELECT  "types".* FROM "types" WHERE "types"."id" = $1 LIMIT 1  [["id", 3]]
  [1m[36mCACHE (0.0ms)[0m  [1mSELECT  "users".* FROM "users" WHERE "users"."id" = $1 LIMIT 1[0m  [["id", 1]]
  [1m[35mCACHE (0.0ms)[0m  SELECT  "types".* FROM "types" WHERE "types"."id" = $1 LIMIT 1  [["id", 3]]
  [1m[36mCACHE (0.0ms)[0m  [1mSELECT  "users".* FROM "users" WHERE "users"."id" = $1 LIMIT 1[0m  [["id", 1]]
  [1m[35mCACHE (0.0ms)[0m  SELECT  "types".* FROM "types" WHERE "types"."id" = $1 LIMIT 1  [["id", 3]]
  [1m[36mCACHE (0.0ms)[0m  [1mSELECT  "users".* FROM "users" WHERE "users"."id" = $1 LIMIT 1[0m  [["id", 1]]
  [1m[35mCACHE (0.0ms)[0m  SELECT  "types".* FROM "types" WHERE "types"."id" = $1 LIMIT 1  [["id", 1]]
  [1m[36mCACHE (0.0ms)[0m  [1mSELECT  "users".* FROM "users" WHERE "users"."id" = $1 LIMIT 1[0m  [["id", 1]]
  [1m[35mType Load (0.6ms)[0m  SELECT  "types".* FROM "types" WHERE "types"."id" = $1 LIMIT 1  [["id", 2]]
  [1m[36m (0.6ms)[0m  [1mSELECT COUNT(*) FROM "posts"[0m
  Rendered welcome/index.html.erb within layouts/application (64.3ms)
  [1m[35mUser Load (0.7ms)[0m  SELECT  "users".* FROM "users" WHERE "users"."id" = $1  ORDER BY "users"."id" ASC LIMIT 1  [["id", 1]]
  Rendered layouts/shared/_header.html.erb (2.2ms)
  Rendered layouts/shared/_footer.html.erb (0.0ms)
Completed 200 OK in 158ms (Views: 150.3ms | ActiveRecord: 6.2ms)


Started GET "/?page=2" for 127.0.0.1 at 2017-04-14 19:43:48 +0500
Processing by WelcomeController#index as HTML
  Parameters: {"page"=>"2"}
  [1m[36mPost Load (1.0ms)[0m  [1mSELECT  "posts".* FROM "posts"  ORDER BY created_at desc LIMIT 10 OFFSET 10[0m
  [1m[35mUser Load (0.9ms)[0m  SELECT  "users".* FROM "users" WHERE "users"."id" = $1 LIMIT 1  [["id", 1]]
  [1m[36mType Load (0.6ms)[0m  [1mSELECT  "types".* FROM "types" WHERE "types"."id" = $1 LIMIT 1[0m  [["id", 1]]
  Rendered welcome/index.html.erb within layouts/application (16.7ms)
  [1m[35mUser Load (0.4ms)[0m  SELECT  "users".* FROM "users" WHERE "users"."id" = $1  ORDER BY "users"."id" ASC LIMIT 1  [["id", 1]]
  Rendered layouts/shared/_header.html.erb (1.9ms)
  Rendered layouts/shared/_footer.html.erb (0.0ms)
Completed 200 OK in 120ms (Views: 115.3ms | ActiveRecord: 2.9ms)


Started GET "/" for 127.0.0.1 at 2017-04-14 19:43:51 +0500
Processing by WelcomeController#index as HTML
  [1m[36mPost Load (0.9ms)[0m  [1mSELECT  "posts".* FROM "posts"  ORDER BY created_at desc LIMIT 10 OFFSET 0[0m
  [1m[35mUser Load (0.7ms)[0m  SELECT  "users".* FROM "users" WHERE "users"."id" = $1 LIMIT 1  [["id", 1]]
  [1m[36mType Load (0.5ms)[0m  [1mSELECT  "types".* FROM "types" WHERE "types"."id" = $1 LIMIT 1[0m  [["id", 1]]
  [1m[35mCACHE (0.0ms)[0m  SELECT  "users".* FROM "users" WHERE "users"."id" = $1 LIMIT 1  [["id", 1]]
  [1m[36mType Load (0.5ms)[0m  [1mSELECT  "types".* FROM "types" WHERE "types"."id" = $1 LIMIT 1[0m  [["id", 6]]
  [1m[35mCACHE (0.0ms)[0m  SELECT  "users".* FROM "users" WHERE "users"."id" = $1 LIMIT 1  [["id", 1]]
  [1m[36mType Load (0.4ms)[0m  [1mSELECT  "types".* FROM "types" WHERE "types"."id" = $1 LIMIT 1[0m  [["id", 5]]
  [1m[35mCACHE (0.0ms)[0m  SELECT  "users".* FROM "users" WHERE "users"."id" = $1 LIMIT 1  [["id", 1]]
  [1m[36mType Load (0.5ms)[0m  [1mSELECT  "types".* FROM "types" WHERE "types"."id" = $1 LIMIT 1[0m  [["id", 3]]
  [1m[35mCACHE (0.0ms)[0m  SELECT  "users".* FROM "users" WHERE "users"."id" = $1 LIMIT 1  [["id", 1]]
  [1m[36mType Load (0.4ms)[0m  [1mSELECT  "types".* FROM "types" WHERE "types"."id" = $1 LIMIT 1[0m  [["id", 4]]
  [1m[35mCACHE (0.0ms)[0m  SELECT  "users".* FROM "users" WHERE "users"."id" = $1 LIMIT 1  [["id", 1]]
  [1m[36mCACHE (0.0ms)[0m  [1mSELECT  "types".* FROM "types" WHERE "types"."id" = $1 LIMIT 1[0m  [["id", 3]]
  [1m[35mCACHE (0.0ms)[0m  SELECT  "users".* FROM "users" WHERE "users"."id" = $1 LIMIT 1  [["id", 1]]
  [1m[36mCACHE (0.0ms)[0m  [1mSELECT  "types".* FROM "types" WHERE "types"."id" = $1 LIMIT 1[0m  [["id", 3]]
  [1m[35mCACHE (0.0ms)[0m  SELECT  "users".* FROM "users" WHERE "users"."id" = $1 LIMIT 1  [["id", 1]]
  [1m[36mCACHE (0.0ms)[0m  [1mSELECT  "types".* FROM "types" WHERE "types"."id" = $1 LIMIT 1[0m  [["id", 3]]
  [1m[35mCACHE (0.0ms)[0m  SELECT  "users".* FROM "users" WHERE "users"."id" = $1 LIMIT 1  [["id", 1]]
  [1m[36mCACHE (0.0ms)[0m  [1mSELECT  "types".* FROM "types" WHERE "types"."id" = $1 LIMIT 1[0m  [["id", 1]]
  [1m[35mCACHE (0.0ms)[0m  SELECT  "users".* FROM "users" WHERE "users"."id" = $1 LIMIT 1  [["id", 1]]
  [1m[36mType Load (0.4ms)[0m  [1mSELECT  "types".* FROM "types" WHERE "types"."id" = $1 LIMIT 1[0m  [["id", 2]]
  [1m[35m (0.7ms)[0m  SELECT COUNT(*) FROM "posts"
  Rendered welcome/index.html.erb within layouts/application (36.3ms)
  [1m[36mUser Load (0.4ms)[0m  [1mSELECT  "users".* FROM "users" WHERE "users"."id" = $1  ORDER BY "users"."id" ASC LIMIT 1[0m  [["id", 1]]
  Rendered layouts/shared/_header.html.erb (1.7ms)
  Rendered layouts/shared/_footer.html.erb (0.0ms)
Completed 200 OK in 117ms (Views: 110.6ms | ActiveRecord: 5.4ms)


Started GET "/" for 127.0.0.1 at 2017-04-14 19:44:07 +0500
Processing by WelcomeController#index as HTML
  [1m[35mPost Load (0.6ms)[0m  SELECT  "posts".* FROM "posts"  ORDER BY created_at desc LIMIT 5 OFFSET 0
  [1m[36mUser Load (0.4ms)[0m  [1mSELECT  "users".* FROM "users" WHERE "users"."id" = $1 LIMIT 1[0m  [["id", 1]]
  [1m[35mType Load (0.3ms)[0m  SELECT  "types".* FROM "types" WHERE "types"."id" = $1 LIMIT 1  [["id", 1]]
  [1m[36mCACHE (0.0ms)[0m  [1mSELECT  "users".* FROM "users" WHERE "users"."id" = $1 LIMIT 1[0m  [["id", 1]]
  [1m[35mType Load (0.4ms)[0m  SELECT  "types".* FROM "types" WHERE "types"."id" = $1 LIMIT 1  [["id", 6]]
  [1m[36mCACHE (0.0ms)[0m  [1mSELECT  "users".* FROM "users" WHERE "users"."id" = $1 LIMIT 1[0m  [["id", 1]]
  [1m[35mType Load (0.3ms)[0m  SELECT  "types".* FROM "types" WHERE "types"."id" = $1 LIMIT 1  [["id", 5]]
  [1m[36mCACHE (0.0ms)[0m  [1mSELECT  "users".* FROM "users" WHERE "users"."id" = $1 LIMIT 1[0m  [["id", 1]]
  [1m[35mType Load (0.3ms)[0m  SELECT  "types".* FROM "types" WHERE "types"."id" = $1 LIMIT 1  [["id", 3]]
  [1m[36mCACHE (0.0ms)[0m  [1mSELECT  "users".* FROM "users" WHERE "users"."id" = $1 LIMIT 1[0m  [["id", 1]]
  [1m[35mType Load (0.4ms)[0m  SELECT  "types".* FROM "types" WHERE "types"."id" = $1 LIMIT 1  [["id", 4]]
  [1m[36m (0.5ms)[0m  [1mSELECT COUNT(*) FROM "posts"[0m
  Rendered welcome/index.html.erb within layouts/application (49.7ms)
  [1m[35mUser Load (0.4ms)[0m  SELECT  "users".* FROM "users" WHERE "users"."id" = $1  ORDER BY "users"."id" ASC LIMIT 1  [["id", 1]]
  Rendered layouts/shared/_header.html.erb (2.0ms)
  Rendered layouts/shared/_footer.html.erb (0.0ms)
Completed 200 OK in 134ms (Views: 116.0ms | ActiveRecord: 9.5ms)


Started GET "/" for 127.0.0.1 at 2017-04-14 19:53:08 +0500
  [1m[36mActiveRecord::SchemaMigration Load (0.7ms)[0m  [1mSELECT "schema_migrations".* FROM "schema_migrations"[0m
Processing by WelcomeController#index as HTML
  [1m[35mPost Load (1.6ms)[0m  SELECT  "posts".* FROM "posts"  ORDER BY created_at desc LIMIT 5 OFFSET 0
  [1m[36mUser Load (0.5ms)[0m  [1mSELECT  "users".* FROM "users" WHERE "users"."id" = $1 LIMIT 1[0m  [["id", 1]]
  [1m[35mType Load (0.4ms)[0m  SELECT  "types".* FROM "types" WHERE "types"."id" = $1 LIMIT 1  [["id", 1]]
  [1m[36mCACHE (0.0ms)[0m  [1mSELECT  "users".* FROM "users" WHERE "users"."id" = $1 LIMIT 1[0m  [["id", 1]]
  [1m[35mType Load (0.5ms)[0m  SELECT  "types".* FROM "types" WHERE "types"."id" = $1 LIMIT 1  [["id", 6]]
  [1m[36mCACHE (0.0ms)[0m  [1mSELECT  "users".* FROM "users" WHERE "users"."id" = $1 LIMIT 1[0m  [["id", 1]]
  [1m[35mType Load (0.6ms)[0m  SELECT  "types".* FROM "types" WHERE "types"."id" = $1 LIMIT 1  [["id", 5]]
  [1m[36mCACHE (0.0ms)[0m  [1mSELECT  "users".* FROM "users" WHERE "users"."id" = $1 LIMIT 1[0m  [["id", 1]]
  [1m[35mType Load (0.6ms)[0m  SELECT  "types".* FROM "types" WHERE "types"."id" = $1 LIMIT 1  [["id", 3]]
  [1m[36mCACHE (0.0ms)[0m  [1mSELECT  "users".* FROM "users" WHERE "users"."id" = $1 LIMIT 1[0m  [["id", 1]]
  [1m[35mType Load (0.6ms)[0m  SELECT  "types".* FROM "types" WHERE "types"."id" = $1 LIMIT 1  [["id", 4]]
  [1m[36m (0.5ms)[0m  [1mSELECT COUNT(*) FROM "posts"[0m
  Rendered welcome/index.html.erb within layouts/application (92.0ms)
  [1m[35mUser Load (0.4ms)[0m  SELECT  "users".* FROM "users" WHERE "users"."id" = $1  ORDER BY "users"."id" ASC LIMIT 1  [["id", 1]]
  Rendered layouts/shared/_header.html.erb (5.6ms)
  Rendered layouts/shared/_footer.html.erb (0.3ms)
Completed 200 OK in 283ms (Views: 249.0ms | ActiveRecord: 13.2ms)


Started GET "/?page=2" for 127.0.0.1 at 2017-04-14 19:53:13 +0500
Processing by WelcomeController#index as HTML
  Parameters: {"page"=>"2"}
  [1m[36mPost Load (0.7ms)[0m  [1mSELECT  "posts".* FROM "posts"  ORDER BY created_at desc LIMIT 5 OFFSET 5[0m
  [1m[35mUser Load (0.5ms)[0m  SELECT  "users".* FROM "users" WHERE "users"."id" = $1 LIMIT 1  [["id", 1]]
  [1m[36mType Load (0.4ms)[0m  [1mSELECT  "types".* FROM "types" WHERE "types"."id" = $1 LIMIT 1[0m  [["id", 3]]
  [1m[35mCACHE (0.0ms)[0m  SELECT  "users".* FROM "users" WHERE "users"."id" = $1 LIMIT 1  [["id", 1]]
  [1m[36mCACHE (0.0ms)[0m  [1mSELECT  "types".* FROM "types" WHERE "types"."id" = $1 LIMIT 1[0m  [["id", 3]]
  [1m[35mCACHE (0.0ms)[0m  SELECT  "users".* FROM "users" WHERE "users"."id" = $1 LIMIT 1  [["id", 1]]
  [1m[36mCACHE (0.0ms)[0m  [1mSELECT  "types".* FROM "types" WHERE "types"."id" = $1 LIMIT 1[0m  [["id", 3]]
  [1m[35mCACHE (0.0ms)[0m  SELECT  "users".* FROM "users" WHERE "users"."id" = $1 LIMIT 1  [["id", 1]]
  [1m[36mType Load (0.3ms)[0m  [1mSELECT  "types".* FROM "types" WHERE "types"."id" = $1 LIMIT 1[0m  [["id", 1]]
  [1m[35mCACHE (0.0ms)[0m  SELECT  "users".* FROM "users" WHERE "users"."id" = $1 LIMIT 1  [["id", 1]]
  [1m[36mType Load (0.2ms)[0m  [1mSELECT  "types".* FROM "types" WHERE "types"."id" = $1 LIMIT 1[0m  [["id", 2]]
  [1m[35m (0.3ms)[0m  SELECT COUNT(*) FROM "posts"
  Rendered welcome/index.html.erb within layouts/application (26.1ms)
  [1m[36mUser Load (0.4ms)[0m  [1mSELECT  "users".* FROM "users" WHERE "users"."id" = $1  ORDER BY "users"."id" ASC LIMIT 1[0m  [["id", 1]]
  Rendered layouts/shared/_header.html.erb (2.5ms)
  Rendered layouts/shared/_footer.html.erb (0.3ms)
Completed 200 OK in 114ms (Views: 110.2ms | ActiveRecord: 2.8ms)


Started DELETE "/users/sign_out" for 127.0.0.1 at 2017-04-14 19:53:17 +0500
Processing by Devise::SessionsController#destroy as HTML
  Parameters: {"authenticity_token"=>"pBxZGt2zWWXizUr4GbbOULeQjnHRIMpvAAC+IJkIr86wwFayoyOoVGapU7IhKwZGr8EmyNQfgV1ap0uh8PEgoA=="}
  [1m[35mUser Load (0.6ms)[0m  SELECT  "users".* FROM "users" WHERE "users"."id" = $1  ORDER BY "users"."id" ASC LIMIT 1  [["id", 1]]
  [1m[36m (0.4ms)[0m  [1mBEGIN[0m
  [1m[35m (0.3ms)[0m  COMMIT
Redirected to http://localhost:3000/
Completed 302 Found in 32ms (ActiveRecord: 1.3ms)


Started GET "/" for 127.0.0.1 at 2017-04-14 19:53:17 +0500
Processing by WelcomeController#index as HTML
  [1m[36mPost Load (0.6ms)[0m  [1mSELECT  "posts".* FROM "posts"  ORDER BY created_at desc LIMIT 5 OFFSET 0[0m
  [1m[35mUser Load (0.5ms)[0m  SELECT  "users".* FROM "users" WHERE "users"."id" = $1 LIMIT 1  [["id", 1]]
  [1m[36mType Load (0.4ms)[0m  [1mSELECT  "types".* FROM "types" WHERE "types"."id" = $1 LIMIT 1[0m  [["id", 1]]
  [1m[35mCACHE (0.0ms)[0m  SELECT  "users".* FROM "users" WHERE "users"."id" = $1 LIMIT 1  [["id", 1]]
  [1m[36mType Load (0.3ms)[0m  [1mSELECT  "types".* FROM "types" WHERE "types"."id" = $1 LIMIT 1[0m  [["id", 6]]
  [1m[35mCACHE (0.0ms)[0m  SELECT  "users".* FROM "users" WHERE "users"."id" = $1 LIMIT 1  [["id", 1]]
  [1m[36mType Load (0.3ms)[0m  [1mSELECT  "types".* FROM "types" WHERE "types"."id" = $1 LIMIT 1[0m  [["id", 5]]
  [1m[35mCACHE (0.0ms)[0m  SELECT  "users".* FROM "users" WHERE "users"."id" = $1 LIMIT 1  [["id", 1]]
  [1m[36mType Load (0.5ms)[0m  [1mSELECT  "types".* FROM "types" WHERE "types"."id" = $1 LIMIT 1[0m  [["id", 3]]
  [1m[35mCACHE (0.0ms)[0m  SELECT  "users".* FROM "users" WHERE "users"."id" = $1 LIMIT 1  [["id", 1]]
  [1m[36mType Load (0.3ms)[0m  [1mSELECT  "types".* FROM "types" WHERE "types"."id" = $1 LIMIT 1[0m  [["id", 4]]
  [1m[35m (0.4ms)[0m  SELECT COUNT(*) FROM "posts"
  Rendered welcome/index.html.erb within layouts/application (20.3ms)
  Rendered layouts/shared/_header.html.erb (4.4ms)
  Rendered layouts/shared/_footer.html.erb (0.0ms)
Completed 200 OK in 100ms (Views: 95.1ms | ActiveRecord: 3.3ms)


Started GET "/users/sign_up" for 127.0.0.1 at 2017-04-14 19:53:23 +0500
Processing by Devise::RegistrationsController#new as HTML
  Rendered devise/shared/_links.html.erb (6.8ms)
  Rendered devise/registrations/new.html.erb within layouts/application (37.8ms)
  Rendered layouts/shared/_header.html.erb (0.7ms)
  Rendered layouts/shared/_footer.html.erb (0.1ms)
Completed 200 OK in 209ms (Views: 206.6ms | ActiveRecord: 0.0ms)


Started POST "/users" for 127.0.0.1 at 2017-04-14 19:53:42 +0500
Processing by Devise::RegistrationsController#create as HTML
  Parameters: {"utf8"=>"✓", "authenticity_token"=>"KgizGzokO9Z0VZTjRFxbvn7dTKpd8eacTNfQguPLQY3yK+M/rgIn/qW3JkHXzh604kcqEBD9yd6yur0GVvVx7A==", "user"=>{"username"=>"techedtey", "email"=>"tech@gmail.com", "password"=>"[FILTERED]", "password_confirmation"=>"[FILTERED]"}, "commit"=>"Sign up"}
  [1m[36m (0.3ms)[0m  [1mBEGIN[0m
  [1m[35mUser Exists (0.8ms)[0m  SELECT  1 AS one FROM "users" WHERE "users"."email" = 'tech@gmail.com' LIMIT 1
  [1m[36mUser Exists (0.5ms)[0m  [1mSELECT  1 AS one FROM "users" WHERE "users"."username" = 'techedtey' LIMIT 1[0m
  [1m[35mSQL (9.0ms)[0m  INSERT INTO "users" ("email", "encrypted_password", "username", "created_at", "updated_at") VALUES ($1, $2, $3, $4, $5) RETURNING "id"  [["email", "tech@gmail.com"], ["encrypted_password", "$2a$10$4kj4hBNhRRzBIAgG9H3i/u5keGWi16U18qj/wOFlw5xLMSLOiuOwy"], ["username", "techedtey"], ["created_at", "2017-04-14 14:53:43.210467"], ["updated_at", "2017-04-14 14:53:43.210467"]]
  [1m[36m (14.8ms)[0m  [1mCOMMIT[0m
  [1m[35m (0.4ms)[0m  BEGIN
  [1m[36mSQL (0.5ms)[0m  [1mUPDATE "users" SET "last_sign_in_at" = $1, "current_sign_in_at" = $2, "last_sign_in_ip" = $3, "current_sign_in_ip" = $4, "sign_in_count" = $5, "updated_at" = $6 WHERE "users"."id" = $7[0m  [["last_sign_in_at", "2017-04-14 14:53:43.240668"], ["current_sign_in_at", "2017-04-14 14:53:43.240668"], ["last_sign_in_ip", "127.0.0.1/32"], ["current_sign_in_ip", "127.0.0.1/32"], ["sign_in_count", 1], ["updated_at", "2017-04-14 14:53:43.243575"], ["id", 2]]
  [1m[35m (11.5ms)[0m  COMMIT
Redirected to http://localhost:3000/posts
Completed 302 Found in 301ms (ActiveRecord: 37.9ms)


Started GET "/posts" for 127.0.0.1 at 2017-04-14 19:53:43 +0500
Processing by PostsController#index as HTML
  [1m[36mUser Load (0.8ms)[0m  [1mSELECT  "users".* FROM "users" WHERE "users"."id" = $1  ORDER BY "users"."id" ASC LIMIT 1[0m  [["id", 2]]
  [1m[35mPost Load (0.4ms)[0m  SELECT "posts".* FROM "posts" WHERE "posts"."user_id" = $1  ORDER BY created_at  [["user_id", 2]]
  Rendered posts/index.html.erb within layouts/application (3.3ms)
  Rendered layouts/shared/_header.html.erb (0.4ms)
  Rendered layouts/shared/_footer.html.erb (0.0ms)
Completed 200 OK in 97ms (Views: 86.8ms | ActiveRecord: 1.2ms)


Started GET "/posts/new" for 127.0.0.1 at 2017-04-14 19:53:48 +0500
Processing by PostsController#new as HTML
  [1m[36mUser Load (0.6ms)[0m  [1mSELECT  "users".* FROM "users" WHERE "users"."id" = $1  ORDER BY "users"."id" ASC LIMIT 1[0m  [["id", 2]]
  [1m[35mType Load (0.5ms)[0m  SELECT "types".* FROM "types"
  Rendered posts/_form.html.erb (8.9ms)
  Rendered posts/new.html.erb within layouts/application (11.0ms)
  Rendered layouts/shared/_header.html.erb (0.3ms)
  Rendered layouts/shared/_footer.html.erb (0.0ms)
Completed 200 OK in 101ms (Views: 94.5ms | ActiveRecord: 1.1ms)


Started POST "/posts" for 127.0.0.1 at 2017-04-14 19:54:05 +0500
Processing by PostsController#create as HTML
  Parameters: {"utf8"=>"✓", "authenticity_token"=>"uCQ2FkwCqqzrlLeqRtTL87cIZ24au8Ffi5VzeanRIVRgB2Yy2CS2hDp2BQjVRo75K5IB1Fe37h11+B79HO8RNQ==", "post"=>{"type_id"=>"1", "title"=>"Test", "description"=>"Testing the first title"}, "commit"=>"Publish Post"}
  [1m[36mUser Load (0.6ms)[0m  [1mSELECT  "users".* FROM "users" WHERE "users"."id" = $1  ORDER BY "users"."id" ASC LIMIT 1[0m  [["id", 2]]
  [1m[35m (0.3ms)[0m  BEGIN
  [1m[36mType Load (0.4ms)[0m  [1mSELECT  "types".* FROM "types" WHERE "types"."id" = $1 LIMIT 1[0m  [["id", 1]]
  [1m[35mSQL (1.0ms)[0m  INSERT INTO "posts" ("type_id", "title", "description", "user_id", "created_at", "updated_at") VALUES ($1, $2, $3, $4, $5, $6) RETURNING "id"  [["type_id", 1], ["title", "Test"], ["description", "Testing the first title"], ["user_id", 2], ["created_at", "2017-04-14 14:54:05.119430"], ["updated_at", "2017-04-14 14:54:05.119430"]]
  [1m[36m (45.0ms)[0m  [1mCOMMIT[0m
Redirected to http://localhost:3000/posts/12
Completed 302 Found in 59ms (ActiveRecord: 47.2ms)


Started GET "/posts/12" for 127.0.0.1 at 2017-04-14 19:54:05 +0500
Processing by PostsController#show as HTML
  Parameters: {"id"=>"12"}
  [1m[35mPost Load (0.4ms)[0m  SELECT  "posts".* FROM "posts" WHERE "posts"."id" = $1 LIMIT 1  [["id", 12]]
  [1m[36mType Load (0.3ms)[0m  [1mSELECT  "types".* FROM "types" WHERE "types"."id" = $1 LIMIT 1[0m  [["id", 1]]
  [1m[35mUser Load (0.4ms)[0m  SELECT  "users".* FROM "users" WHERE "users"."id" = $1 LIMIT 1  [["id", 2]]
  [1m[36mUser Load (0.3ms)[0m  [1mSELECT  "users".* FROM "users" WHERE "users"."id" = $1  ORDER BY "users"."id" ASC LIMIT 1[0m  [["id", 2]]
  [1m[35mComment Load (0.6ms)[0m  SELECT "comments".* FROM "comments" WHERE "comments"."post_id" = $1  ORDER BY created_at  [["post_id", 12]]
  Rendered posts/show.html.erb within layouts/application (10.0ms)
  Rendered layouts/shared/_header.html.erb (0.3ms)
  Rendered layouts/shared/_footer.html.erb (0.0ms)
Completed 200 OK in 106ms (Views: 88.6ms | ActiveRecord: 3.6ms)


Started POST "/posts/12/comments" for 127.0.0.1 at 2017-04-14 19:54:11 +0500
Processing by CommentsController#create as HTML
  Parameters: {"utf8"=>"✓", "authenticity_token"=>"KYZT/rBUM9VVYbWBMMsivzwixVwUPFsWvH9VCbcq18XxpQPaJHIv/YSDByOjWWe1oLij5lkwdFRCEjiNAhTnpA==", "comment"=>{"body"=>"Cool!"}, "commit"=>"Post Comment", "id"=>"12"}
  [1m[36mUser Load (0.4ms)[0m  [1mSELECT  "users".* FROM "users" WHERE "users"."id" = $1  ORDER BY "users"."id" ASC LIMIT 1[0m  [["id", 2]]
  [1m[35mPost Load (0.3ms)[0m  SELECT  "posts".* FROM "posts" WHERE "posts"."user_id" = $1 AND "posts"."id" = $2 LIMIT 1  [["user_id", 2], ["id", 12]]
  [1m[36m (0.2ms)[0m  [1mBEGIN[0m
  [1m[35mSQL (30.0ms)[0m  INSERT INTO "comments" ("body", "post_id", "user_id", "created_at", "updated_at") VALUES ($1, $2, $3, $4, $5) RETURNING "id"  [["body", "Cool!"], ["post_id", 12], ["user_id", 2], ["created_at", "2017-04-14 14:54:11.728034"], ["updated_at", "2017-04-14 14:54:11.728034"]]
  [1m[36m (9.8ms)[0m  [1mCOMMIT[0m
Redirected to http://localhost:3000/posts/12
Completed 302 Found in 52ms (ActiveRecord: 40.7ms)


Started GET "/posts/12" for 127.0.0.1 at 2017-04-14 19:54:11 +0500
Processing by PostsController#show as HTML
  Parameters: {"id"=>"12"}
  [1m[35mPost Load (0.4ms)[0m  SELECT  "posts".* FROM "posts" WHERE "posts"."id" = $1 LIMIT 1  [["id", 12]]
  [1m[36mType Load (0.3ms)[0m  [1mSELECT  "types".* FROM "types" WHERE "types"."id" = $1 LIMIT 1[0m  [["id", 1]]
  [1m[35mUser Load (0.4ms)[0m  SELECT  "users".* FROM "users" WHERE "users"."id" = $1 LIMIT 1  [["id", 2]]
  [1m[36mUser Load (0.4ms)[0m  [1mSELECT  "users".* FROM "users" WHERE "users"."id" = $1  ORDER BY "users"."id" ASC LIMIT 1[0m  [["id", 2]]
  [1m[35mComment Load (0.4ms)[0m  SELECT "comments".* FROM "comments" WHERE "comments"."post_id" = $1  ORDER BY created_at  [["post_id", 12]]
  [1m[36mCACHE (0.0ms)[0m  [1mSELECT  "users".* FROM "users" WHERE "users"."id" = $1 LIMIT 1[0m  [["id", 2]]
  Rendered posts/show.html.erb within layouts/application (9.7ms)
  Rendered layouts/shared/_header.html.erb (0.5ms)
  Rendered layouts/shared/_footer.html.erb (0.1ms)
Completed 200 OK in 95ms (Views: 91.0ms | ActiveRecord: 1.9ms)


Started GET "/posts" for 127.0.0.1 at 2017-04-14 19:54:16 +0500
Processing by PostsController#index as HTML
  [1m[35mUser Load (0.4ms)[0m  SELECT  "users".* FROM "users" WHERE "users"."id" = $1  ORDER BY "users"."id" ASC LIMIT 1  [["id", 2]]
  [1m[36mPost Load (0.4ms)[0m  [1mSELECT "posts".* FROM "posts" WHERE "posts"."user_id" = $1  ORDER BY created_at[0m  [["user_id", 2]]
  [1m[35mType Load (0.2ms)[0m  SELECT  "types".* FROM "types" WHERE "types"."id" = $1 LIMIT 1  [["id", 1]]
  Rendered posts/index.html.erb within layouts/application (3.2ms)
  Rendered layouts/shared/_header.html.erb (0.3ms)
  Rendered layouts/shared/_footer.html.erb (0.0ms)
Completed 200 OK in 79ms (Views: 76.3ms | ActiveRecord: 1.0ms)


Started GET "/" for 127.0.0.1 at 2017-04-14 19:54:20 +0500
Processing by WelcomeController#index as HTML
  [1m[36mPost Load (0.7ms)[0m  [1mSELECT  "posts".* FROM "posts"  ORDER BY created_at desc LIMIT 5 OFFSET 0[0m
  [1m[35mUser Load (0.6ms)[0m  SELECT  "users".* FROM "users" WHERE "users"."id" = $1 LIMIT 1  [["id", 2]]
  [1m[36mType Load (0.4ms)[0m  [1mSELECT  "types".* FROM "types" WHERE "types"."id" = $1 LIMIT 1[0m  [["id", 1]]
  [1m[35mUser Load (0.5ms)[0m  SELECT  "users".* FROM "users" WHERE "users"."id" = $1 LIMIT 1  [["id", 1]]
  [1m[36mCACHE (0.0ms)[0m  [1mSELECT  "types".* FROM "types" WHERE "types"."id" = $1 LIMIT 1[0m  [["id", 1]]
  [1m[35mCACHE (0.0ms)[0m  SELECT  "users".* FROM "users" WHERE "users"."id" = $1 LIMIT 1  [["id", 1]]
  [1m[36mType Load (0.4ms)[0m  [1mSELECT  "types".* FROM "types" WHERE "types"."id" = $1 LIMIT 1[0m  [["id", 6]]
  [1m[35mCACHE (0.0ms)[0m  SELECT  "users".* FROM "users" WHERE "users"."id" = $1 LIMIT 1  [["id", 1]]
  [1m[36mType Load (0.4ms)[0m  [1mSELECT  "types".* FROM "types" WHERE "types"."id" = $1 LIMIT 1[0m  [["id", 5]]
  [1m[35mCACHE (0.0ms)[0m  SELECT  "users".* FROM "users" WHERE "users"."id" = $1 LIMIT 1  [["id", 1]]
  [1m[36mType Load (0.6ms)[0m  [1mSELECT  "types".* FROM "types" WHERE "types"."id" = $1 LIMIT 1[0m  [["id", 3]]
  [1m[35m (0.6ms)[0m  SELECT COUNT(*) FROM "posts"
  Rendered welcome/index.html.erb within layouts/application (27.8ms)
  [1m[36mUser Load (0.4ms)[0m  [1mSELECT  "users".* FROM "users" WHERE "users"."id" = $1  ORDER BY "users"."id" ASC LIMIT 1[0m  [["id", 2]]
  Rendered layouts/shared/_header.html.erb (1.8ms)
  Rendered layouts/shared/_footer.html.erb (0.0ms)
Completed 200 OK in 107ms (Views: 101.1ms | ActiveRecord: 4.6ms)


Started GET "/?search=Academic" for 127.0.0.1 at 2017-04-14 19:54:29 +0500
Processing by WelcomeController#index as HTML
  Parameters: {"search"=>"Academic"}
  [1m[35mType Load (0.7ms)[0m  SELECT  "types".* FROM "types" WHERE (lower(name) = 'academic')  ORDER BY "types"."id" ASC LIMIT 1
  [1m[36mPost Load (0.6ms)[0m  [1mSELECT  "posts".* FROM "posts" WHERE "posts"."type_id" = $1  ORDER BY created_at desc LIMIT 5 OFFSET 0[0m  [["type_id", 1]]
  [1m[35mUser Load (0.3ms)[0m  SELECT  "users".* FROM "users" WHERE "users"."id" = $1 LIMIT 1  [["id", 2]]
  [1m[36mUser Load (0.3ms)[0m  [1mSELECT  "users".* FROM "users" WHERE "users"."id" = $1 LIMIT 1[0m  [["id", 1]]
  [1m[35mCACHE (0.0ms)[0m  SELECT  "users".* FROM "users" WHERE "users"."id" = $1 LIMIT 1  [["id", 1]]
  [1m[36mCACHE (0.0ms)[0m  [1mSELECT  "users".* FROM "users" WHERE "users"."id" = $1 LIMIT 1[0m  [["id", 1]]
  Rendered welcome/index.html.erb within layouts/application (7.5ms)
  [1m[35mUser Load (0.4ms)[0m  SELECT  "users".* FROM "users" WHERE "users"."id" = $1  ORDER BY "users"."id" ASC LIMIT 1  [["id", 2]]
  Rendered layouts/shared/_header.html.erb (1.9ms)
  Rendered layouts/shared/_footer.html.erb (0.0ms)
Completed 200 OK in 99ms (Views: 91.1ms | ActiveRecord: 2.4ms)


Started GET "/users/2" for 127.0.0.1 at 2017-04-14 19:54:44 +0500
Processing by UsersController#show as HTML
  Parameters: {"id"=>"2"}
  [1m[36mUser Load (0.3ms)[0m  [1mSELECT  "users".* FROM "users" WHERE "users"."id" = $1  ORDER BY "users"."id" ASC LIMIT 1[0m  [["id", 2]]
  Rendered users/show.html.erb within layouts/application (2.5ms)
  Rendered layouts/shared/_header.html.erb (0.3ms)
  Rendered layouts/shared/_footer.html.erb (0.0ms)
Completed 200 OK in 87ms (Views: 85.7ms | ActiveRecord: 0.3ms)


Started GET "/users/2/edit" for 127.0.0.1 at 2017-04-14 19:54:47 +0500
Processing by UsersController#edit as HTML
  Parameters: {"id"=>"2"}
  [1m[35mUser Load (0.5ms)[0m  SELECT  "users".* FROM "users" WHERE "users"."id" = $1  ORDER BY "users"."id" ASC LIMIT 1  [["id", 2]]
  Rendered users/edit.html.erb within layouts/application (3.4ms)
  Rendered layouts/shared/_header.html.erb (0.4ms)
  Rendered layouts/shared/_footer.html.erb (0.0ms)
Completed 200 OK in 83ms (Views: 80.1ms | ActiveRecord: 0.5ms)


Started PATCH "/users/2" for 127.0.0.1 at 2017-04-14 19:55:01 +0500
Processing by UsersController#update as HTML
  Parameters: {"utf8"=>"✓", "authenticity_token"=>"3eGDddnDMtwaxAyhOPZyp7bimd/o/bxSui/42fSDx+QFwtNRTeUu9MsmvgOrZDetKnj/ZaXxkxBEQpVdQb33hQ==", "user"=>{"first_name"=>"Dummy", "last_name"=>"Name", "about_me"=>"rails Engineer"}, "commit"=>"Update Profile", "id"=>"2"}
  [1m[36mUser Load (0.3ms)[0m  [1mSELECT  "users".* FROM "users" WHERE "users"."id" = $1  ORDER BY "users"."id" ASC LIMIT 1[0m  [["id", 2]]
Unpermitted parameter: about_me
  [1m[35m (0.2ms)[0m  BEGIN
  [1m[36mUser Exists (0.9ms)[0m  [1mSELECT  1 AS one FROM "users" WHERE ("users"."username" = 'techedtey' AND "users"."id" != 2) LIMIT 1[0m
  [1m[35mSQL (0.4ms)[0m  UPDATE "users" SET "first_name" = $1, "last_name" = $2, "updated_at" = $3 WHERE "users"."id" = $4  [["first_name", "Dummy"], ["last_name", "Name"], ["updated_at", "2017-04-14 14:55:01.227928"], ["id", 2]]
  [1m[36m (122.2ms)[0m  [1mCOMMIT[0m
Redirected to http://localhost:3000/users/2
Completed 302 Found in 136ms (ActiveRecord: 124.0ms)


Started GET "/users/2" for 127.0.0.1 at 2017-04-14 19:55:01 +0500
Processing by UsersController#show as HTML
  Parameters: {"id"=>"2"}
  [1m[35mUser Load (0.8ms)[0m  SELECT  "users".* FROM "users" WHERE "users"."id" = $1  ORDER BY "users"."id" ASC LIMIT 1  [["id", 2]]
  Rendered users/show.html.erb within layouts/application (4.3ms)
  Rendered layouts/shared/_header.html.erb (0.4ms)
  Rendered layouts/shared/_footer.html.erb (0.0ms)
Completed 200 OK in 91ms (Views: 89.3ms | ActiveRecord: 0.8ms)


Started GET "/" for 127.0.0.1 at 2017-04-14 19:55:06 +0500
Processing by WelcomeController#index as HTML
  [1m[36mPost Load (0.6ms)[0m  [1mSELECT  "posts".* FROM "posts"  ORDER BY created_at desc LIMIT 5 OFFSET 0[0m
  [1m[35mUser Load (0.4ms)[0m  SELECT  "users".* FROM "users" WHERE "users"."id" = $1 LIMIT 1  [["id", 2]]
  [1m[36mType Load (0.4ms)[0m  [1mSELECT  "types".* FROM "types" WHERE "types"."id" = $1 LIMIT 1[0m  [["id", 1]]
  [1m[35mUser Load (0.4ms)[0m  SELECT  "users".* FROM "users" WHERE "users"."id" = $1 LIMIT 1  [["id", 1]]
  [1m[36mCACHE (0.0ms)[0m  [1mSELECT  "types".* FROM "types" WHERE "types"."id" = $1 LIMIT 1[0m  [["id", 1]]
  [1m[35mCACHE (0.0ms)[0m  SELECT  "users".* FROM "users" WHERE "users"."id" = $1 LIMIT 1  [["id", 1]]
  [1m[36mType Load (0.3ms)[0m  [1mSELECT  "types".* FROM "types" WHERE "types"."id" = $1 LIMIT 1[0m  [["id", 6]]
  [1m[35mCACHE (0.0ms)[0m  SELECT  "users".* FROM "users" WHERE "users"."id" = $1 LIMIT 1  [["id", 1]]
  [1m[36mType Load (0.3ms)[0m  [1mSELECT  "types".* FROM "types" WHERE "types"."id" = $1 LIMIT 1[0m  [["id", 5]]
  [1m[35mCACHE (0.0ms)[0m  SELECT  "users".* FROM "users" WHERE "users"."id" = $1 LIMIT 1  [["id", 1]]
  [1m[36mType Load (0.3ms)[0m  [1mSELECT  "types".* FROM "types" WHERE "types"."id" = $1 LIMIT 1[0m  [["id", 3]]
  [1m[35m (0.4ms)[0m  SELECT COUNT(*) FROM "posts"
  Rendered welcome/index.html.erb within layouts/application (21.7ms)
  [1m[36mUser Load (0.5ms)[0m  [1mSELECT  "users".* FROM "users" WHERE "users"."id" = $1  ORDER BY "users"."id" ASC LIMIT 1[0m  [["id", 2]]
  Rendered layouts/shared/_header.html.erb (2.7ms)
  Rendered layouts/shared/_footer.html.erb (0.0ms)
Completed 200 OK in 109ms (Views: 98.0ms | ActiveRecord: 3.6ms)


Started DELETE "/users/sign_out" for 127.0.0.1 at 2017-04-14 19:55:11 +0500
Processing by Devise::SessionsController#destroy as HTML
  Parameters: {"authenticity_token"=>"GfM04gYAuwmuwk6nFU/6Lf+SqhXDZ+qKZeL4Yp0Hr9zB0GTGkianIX8g/AWG3b8nYwjMr45rxcibj5XmKDmfvQ=="}
  [1m[35mUser Load (0.4ms)[0m  SELECT  "users".* FROM "users" WHERE "users"."id" = $1  ORDER BY "users"."id" ASC LIMIT 1  [["id", 2]]
  [1m[36m (0.2ms)[0m  [1mBEGIN[0m
  [1m[35m (0.3ms)[0m  COMMIT
Redirected to http://localhost:3000/
Completed 302 Found in 10ms (ActiveRecord: 0.9ms)


Started GET "/" for 127.0.0.1 at 2017-04-14 19:55:11 +0500
Processing by WelcomeController#index as HTML
  [1m[36mPost Load (0.6ms)[0m  [1mSELECT  "posts".* FROM "posts"  ORDER BY created_at desc LIMIT 5 OFFSET 0[0m
  [1m[35mUser Load (0.3ms)[0m  SELECT  "users".* FROM "users" WHERE "users"."id" = $1 LIMIT 1  [["id", 2]]
  [1m[36mType Load (0.5ms)[0m  [1mSELECT  "types".* FROM "types" WHERE "types"."id" = $1 LIMIT 1[0m  [["id", 1]]
  [1m[35mUser Load (0.4ms)[0m  SELECT  "users".* FROM "users" WHERE "users"."id" = $1 LIMIT 1  [["id", 1]]
  [1m[36mCACHE (0.0ms)[0m  [1mSELECT  "types".* FROM "types" WHERE "types"."id" = $1 LIMIT 1[0m  [["id", 1]]
  [1m[35mCACHE (0.0ms)[0m  SELECT  "users".* FROM "users" WHERE "users"."id" = $1 LIMIT 1  [["id", 1]]
  [1m[36mType Load (0.4ms)[0m  [1mSELECT  "types".* FROM "types" WHERE "types"."id" = $1 LIMIT 1[0m  [["id", 6]]
  [1m[35mCACHE (0.0ms)[0m  SELECT  "users".* FROM "users" WHERE "users"."id" = $1 LIMIT 1  [["id", 1]]
  [1m[36mType Load (0.3ms)[0m  [1mSELECT  "types".* FROM "types" WHERE "types"."id" = $1 LIMIT 1[0m  [["id", 5]]
  [1m[35mCACHE (0.0ms)[0m  SELECT  "users".* FROM "users" WHERE "users"."id" = $1 LIMIT 1  [["id", 1]]
  [1m[36mType Load (0.3ms)[0m  [1mSELECT  "types".* FROM "types" WHERE "types"."id" = $1 LIMIT 1[0m  [["id", 3]]
  [1m[35m (0.4ms)[0m  SELECT COUNT(*) FROM "posts"
  Rendered welcome/index.html.erb within layouts/application (18.4ms)
  Rendered layouts/shared/_header.html.erb (0.9ms)
  Rendered layouts/shared/_footer.html.erb (0.1ms)
Completed 200 OK in 101ms (Views: 96.9ms | ActiveRecord: 3.2ms)


Started GET "/posts/8" for 127.0.0.1 at 2017-04-14 19:55:15 +0500
Processing by PostsController#show as HTML
  Parameters: {"id"=>"8"}
  [1m[36mPost Load (0.5ms)[0m  [1mSELECT  "posts".* FROM "posts" WHERE "posts"."id" = $1 LIMIT 1[0m  [["id", 8]]
  [1m[35mType Load (0.4ms)[0m  SELECT  "types".* FROM "types" WHERE "types"."id" = $1 LIMIT 1  [["id", 3]]
  [1m[36mUser Load (0.5ms)[0m  [1mSELECT  "users".* FROM "users" WHERE "users"."id" = $1 LIMIT 1[0m  [["id", 1]]
  [1m[35mComment Load (0.5ms)[0m  SELECT "comments".* FROM "comments" WHERE "comments"."post_id" = $1  ORDER BY created_at  [["post_id", 8]]
  Rendered posts/show.html.erb within layouts/application (8.2ms)
  Rendered layouts/shared/_header.html.erb (0.4ms)
  Rendered layouts/shared/_footer.html.erb (0.0ms)
Completed 200 OK in 99ms (Views: 94.8ms | ActiveRecord: 2.0ms)
